{"/Users/noahlee/Documents/PFMobileAppV3/app/Home2.tsx": {"path":"/Users/noahlee/Documents/PFMobileAppV3/app/Home2.tsx","statementMap":{"0":{"start":{"line":8,"column":17},"end":{"line":8,"column":28}},"1":{"start":{"line":9,"column":25},"end":{"line":9,"column":43}},"2":{"start":{"line":11,"column":26},"end":{"line":11,"column":119}},"3":{"start":{"line":12,"column":32},"end":{"line":12,"column":46}},"4":{"start":{"line":15,"column":2},"end":{"line":34,"column":9}},"5":{"start":{"line":16,"column":22},"end":{"line":31,"column":5}},"6":{"start":{"line":17,"column":6},"end":{"line":30,"column":7}},"7":{"start":{"line":18,"column":52},"end":{"line":18,"column":74}},"8":{"start":{"line":19,"column":8},"end":{"line":25,"column":11}},"9":{"start":{"line":27,"column":8},"end":{"line":27,"column":61}},"10":{"start":{"line":29,"column":8},"end":{"line":29,"column":26}},"11":{"start":{"line":33,"column":4},"end":{"line":33,"column":16}},"12":{"start":{"line":37,"column":2},"end":{"line":41,"column":25}},"13":{"start":{"line":38,"column":4},"end":{"line":40,"column":5}},"14":{"start":{"line":39,"column":6},"end":{"line":39,"column":81}},"15":{"start":{"line":43,"column":2},"end":{"line":50,"column":3}},"16":{"start":{"line":44,"column":4},"end":{"line":49,"column":6}},"17":{"start":{"line":52,"column":2},"end":{"line":59,"column":3}},"18":{"start":{"line":53,"column":4},"end":{"line":58,"column":6}},"19":{"start":{"line":61,"column":2},"end":{"line":65,"column":4}}},"fnMap":{"0":{"name":"Home","decl":{"start":{"line":7,"column":24},"end":{"line":7,"column":28}},"loc":{"start":{"line":7,"column":31},"end":{"line":66,"column":1}},"line":7},"1":{"name":"(anonymous_1)","decl":{"start":{"line":15,"column":12},"end":{"line":15,"column":13}},"loc":{"start":{"line":15,"column":18},"end":{"line":34,"column":3}},"line":15},"2":{"name":"(anonymous_2)","decl":{"start":{"line":16,"column":22},"end":{"line":16,"column":23}},"loc":{"start":{"line":16,"column":34},"end":{"line":31,"column":5}},"line":16},"3":{"name":"(anonymous_3)","decl":{"start":{"line":37,"column":12},"end":{"line":37,"column":13}},"loc":{"start":{"line":37,"column":18},"end":{"line":41,"column":3}},"line":37}},"branchMap":{"0":{"loc":{"start":{"line":38,"column":4},"end":{"line":40,"column":5}},"type":"if","locations":[{"start":{"line":38,"column":4},"end":{"line":40,"column":5}},{"start":{},"end":{}}],"line":38},"1":{"loc":{"start":{"line":38,"column":8},"end":{"line":38,"column":54}},"type":"binary-expr","locations":[{"start":{"line":38,"column":8},"end":{"line":38,"column":38}},{"start":{"line":38,"column":42},"end":{"line":38,"column":54}}],"line":38},"2":{"loc":{"start":{"line":43,"column":2},"end":{"line":50,"column":3}},"type":"if","locations":[{"start":{"line":43,"column":2},"end":{"line":50,"column":3}},{"start":{},"end":{}}],"line":43},"3":{"loc":{"start":{"line":52,"column":2},"end":{"line":59,"column":3}},"type":"if","locations":[{"start":{"line":52,"column":2},"end":{"line":59,"column":3}},{"start":{},"end":{}}],"line":52}},"s":{"0":0,"1":0,"2":0,"3":0,"4":0,"5":0,"6":0,"7":0,"8":0,"9":0,"10":0,"11":0,"12":0,"13":0,"14":0,"15":0,"16":0,"17":0,"18":0,"19":0},"f":{"0":0,"1":0,"2":0,"3":0},"b":{"0":[0,0],"1":[0,0],"2":[0,0],"3":[0,0]}}
,"/Users/noahlee/Documents/PFMobileAppV3/app/_layout.tsx": {"path":"/Users/noahlee/Documents/PFMobileAppV3/app/_layout.tsx","statementMap":{"0":{"start":{"line":5,"column":2},"end":{"line":11,"column":4}}},"fnMap":{"0":{"name":"Layout","decl":{"start":{"line":4,"column":24},"end":{"line":4,"column":30}},"loc":{"start":{"line":4,"column":33},"end":{"line":12,"column":1}},"line":4}},"branchMap":{},"s":{"0":0},"f":{"0":0},"b":{}}
,"/Users/noahlee/Documents/PFMobileAppV3/app/index.ts": {"path":"/Users/noahlee/Documents/PFMobileAppV3/app/index.ts","statementMap":{},"fnMap":{},"branchMap":{},"s":{},"f":{},"b":{}}
,"/Users/noahlee/Documents/PFMobileAppV3/app/index.tsx": {"path":"/Users/noahlee/Documents/PFMobileAppV3/app/index.tsx","statementMap":{"0":{"start":{"line":16,"column":0},"end":{"line":16,"column":29}},"1":{"start":{"line":18,"column":20},"end":{"line":49,"column":1}},"2":{"start":{"line":52,"column":20},"end":{"line":70,"column":1}},"3":{"start":{"line":53,"column":16},"end":{"line":53,"column":26}},"4":{"start":{"line":55,"column":2},"end":{"line":55,"column":26}},"5":{"start":{"line":55,"column":14},"end":{"line":55,"column":26}},"6":{"start":{"line":59,"column":6},"end":{"line":59,"column":11}},"7":{"start":{"line":61,"column":2},"end":{"line":69,"column":4}},"8":{"start":{"line":73,"column":22},"end":{"line":73,"column":40}},"9":{"start":{"line":74,"column":2},"end":{"line":74,"column":55}},"10":{"start":{"line":78,"column":16},"end":{"line":78,"column":26}},"11":{"start":{"line":80,"column":2},"end":{"line":80,"column":26}},"12":{"start":{"line":80,"column":14},"end":{"line":80,"column":26}},"13":{"start":{"line":84,"column":6},"end":{"line":84,"column":11}},"14":{"start":{"line":86,"column":2},"end":{"line":113,"column":4}},"15":{"start":{"line":92,"column":10},"end":{"line":95,"column":12}},"16":{"start":{"line":102,"column":12},"end":{"line":102,"column":116}},"17":{"start":{"line":116,"column":14},"end":{"line":118,"column":2}}},"fnMap":{"0":{"name":"(anonymous_0)","decl":{"start":{"line":52,"column":20},"end":{"line":52,"column":21}},"loc":{"start":{"line":52,"column":26},"end":{"line":70,"column":1}},"line":52},"1":{"name":"SignOutButton","decl":{"start":{"line":72,"column":9},"end":{"line":72,"column":22}},"loc":{"start":{"line":72,"column":25},"end":{"line":75,"column":1}},"line":72},"2":{"name":"App","decl":{"start":{"line":77,"column":9},"end":{"line":77,"column":12}},"loc":{"start":{"line":77,"column":15},"end":{"line":114,"column":1}},"line":77},"3":{"name":"(anonymous_3)","decl":{"start":{"line":91,"column":19},"end":{"line":91,"column":20}},"loc":{"start":{"line":92,"column":10},"end":{"line":95,"column":12}},"line":92},"4":{"name":"(anonymous_4)","decl":{"start":{"line":101,"column":18},"end":{"line":101,"column":19}},"loc":{"start":{"line":102,"column":12},"end":{"line":102,"column":116}},"line":102}},"branchMap":{"0":{"loc":{"start":{"line":55,"column":2},"end":{"line":55,"column":26}},"type":"if","locations":[{"start":{"line":55,"column":2},"end":{"line":55,"column":26}},{"start":{},"end":{}}],"line":55},"1":{"loc":{"start":{"line":80,"column":2},"end":{"line":80,"column":26}},"type":"if","locations":[{"start":{"line":80,"column":2},"end":{"line":80,"column":26}},{"start":{},"end":{}}],"line":80}},"s":{"0":0,"1":0,"2":0,"3":0,"4":0,"5":0,"6":0,"7":0,"8":0,"9":0,"10":0,"11":0,"12":0,"13":0,"14":0,"15":0,"16":0,"17":0},"f":{"0":0,"1":0,"2":0,"3":0,"4":0},"b":{"0":[0,0],"1":[0,0]}}
,"/Users/noahlee/Documents/PFMobileAppV3/app/(tabs)/Home.tsx": {"path":"/Users/noahlee/Documents/PFMobileAppV3/app/(tabs)/Home.tsx","statementMap":{"0":{"start":{"line":17,"column":23},"end":{"line":214,"column":1}},"1":{"start":{"line":18,"column":26},"end":{"line":20,"column":3}},"2":{"start":{"line":21,"column":32},"end":{"line":21,"column":46}},"3":{"start":{"line":23,"column":2},"end":{"line":41,"column":9}},"4":{"start":{"line":24,"column":22},"end":{"line":38,"column":5}},"5":{"start":{"line":25,"column":6},"end":{"line":37,"column":7}},"6":{"start":{"line":26,"column":52},"end":{"line":26,"column":74}},"7":{"start":{"line":27,"column":8},"end":{"line":32,"column":11}},"8":{"start":{"line":34,"column":8},"end":{"line":34,"column":61}},"9":{"start":{"line":36,"column":8},"end":{"line":36,"column":26}},"10":{"start":{"line":40,"column":4},"end":{"line":40,"column":16}},"11":{"start":{"line":43,"column":24},"end":{"line":52,"column":3}},"12":{"start":{"line":44,"column":4},"end":{"line":51,"column":5}},"13":{"start":{"line":45,"column":6},"end":{"line":45,"column":22}},"14":{"start":{"line":46,"column":6},"end":{"line":46,"column":50}},"15":{"start":{"line":47,"column":6},"end":{"line":47,"column":20}},"16":{"start":{"line":48,"column":6},"end":{"line":48,"column":26}},"17":{"start":{"line":50,"column":6},"end":{"line":50,"column":49}},"18":{"start":{"line":54,"column":27},"end":{"line":56,"column":3}},"19":{"start":{"line":55,"column":4},"end":{"line":55,"column":27}},"20":{"start":{"line":58,"column":28},"end":{"line":61,"column":3}},"21":{"start":{"line":60,"column":4},"end":{"line":60,"column":40}},"22":{"start":{"line":63,"column":34},"end":{"line":66,"column":3}},"23":{"start":{"line":65,"column":4},"end":{"line":65,"column":34}},"24":{"start":{"line":68,"column":2},"end":{"line":71,"column":3}},"25":{"start":{"line":70,"column":4},"end":{"line":70,"column":30}},"26":{"start":{"line":73,"column":2},"end":{"line":79,"column":3}},"27":{"start":{"line":74,"column":4},"end":{"line":78,"column":6}},"28":{"start":{"line":81,"column":2},"end":{"line":213,"column":4}},"29":{"start":{"line":218,"column":15},"end":{"line":396,"column":2}}},"fnMap":{"0":{"name":"(anonymous_0)","decl":{"start":{"line":17,"column":23},"end":{"line":17,"column":24}},"loc":{"start":{"line":17,"column":29},"end":{"line":214,"column":1}},"line":17},"1":{"name":"(anonymous_1)","decl":{"start":{"line":23,"column":12},"end":{"line":23,"column":13}},"loc":{"start":{"line":23,"column":18},"end":{"line":41,"column":3}},"line":23},"2":{"name":"(anonymous_2)","decl":{"start":{"line":24,"column":22},"end":{"line":24,"column":23}},"loc":{"start":{"line":24,"column":34},"end":{"line":38,"column":5}},"line":24},"3":{"name":"(anonymous_3)","decl":{"start":{"line":43,"column":24},"end":{"line":43,"column":25}},"loc":{"start":{"line":43,"column":36},"end":{"line":52,"column":3}},"line":43},"4":{"name":"(anonymous_4)","decl":{"start":{"line":54,"column":27},"end":{"line":54,"column":28}},"loc":{"start":{"line":54,"column":33},"end":{"line":56,"column":3}},"line":54},"5":{"name":"(anonymous_5)","decl":{"start":{"line":58,"column":28},"end":{"line":58,"column":29}},"loc":{"start":{"line":58,"column":34},"end":{"line":61,"column":3}},"line":58},"6":{"name":"(anonymous_6)","decl":{"start":{"line":63,"column":34},"end":{"line":63,"column":35}},"loc":{"start":{"line":63,"column":40},"end":{"line":66,"column":3}},"line":63}},"branchMap":{"0":{"loc":{"start":{"line":68,"column":2},"end":{"line":71,"column":3}},"type":"if","locations":[{"start":{"line":68,"column":2},"end":{"line":71,"column":3}},{"start":{},"end":{}}],"line":68},"1":{"loc":{"start":{"line":73,"column":2},"end":{"line":79,"column":3}},"type":"if","locations":[{"start":{"line":73,"column":2},"end":{"line":79,"column":3}},{"start":{},"end":{}}],"line":73},"2":{"loc":{"start":{"line":87,"column":13},"end":{"line":87,"column":69}},"type":"cond-expr","locations":[{"start":{"line":87,"column":38},"end":{"line":87,"column":64}},{"start":{"line":87,"column":67},"end":{"line":87,"column":69}}],"line":87}},"s":{"0":1,"1":28,"2":28,"3":28,"4":10,"5":10,"6":10,"7":8,"8":1,"9":9,"10":10,"11":28,"12":2,"13":2,"14":1,"15":1,"16":1,"17":1,"18":28,"19":1,"20":28,"21":0,"22":28,"23":1,"24":28,"25":18,"26":10,"27":2,"28":8,"29":1},"f":{"0":28,"1":10,"2":10,"3":2,"4":1,"5":0,"6":1},"b":{"0":[18,10],"1":[2,8],"2":[7,1]},"_coverageSchema":"1a1c01bbd47fc00a2c39e90264f33305004495a9","hash":"c00c34dbe906099f7f03a662db3c4ddd623f50d7"}
,"/Users/noahlee/Documents/PFMobileAppV3/app/(tabs)/_layout.tsx": {"path":"/Users/noahlee/Documents/PFMobileAppV3/app/(tabs)/_layout.tsx","statementMap":{"0":{"start":{"line":13,"column":21},"end":{"line":13,"column":63}},"1":{"start":{"line":14,"column":2},"end":{"line":66,"column":4}},"2":{"start":{"line":25,"column":37},"end":{"line":25,"column":103}},"3":{"start":{"line":34,"column":37},"end":{"line":34,"column":97}},"4":{"start":{"line":43,"column":37},"end":{"line":43,"column":88}},"5":{"start":{"line":52,"column":37},"end":{"line":52,"column":108}},"6":{"start":{"line":61,"column":37},"end":{"line":61,"column":92}},"7":{"start":{"line":69,"column":15},"end":{"line":74,"column":2}}},"fnMap":{"0":{"name":"TabLayout","decl":{"start":{"line":12,"column":24},"end":{"line":12,"column":33}},"loc":{"start":{"line":12,"column":36},"end":{"line":67,"column":1}},"line":12},"1":{"name":"(anonymous_1)","decl":{"start":{"line":25,"column":22},"end":{"line":25,"column":23}},"loc":{"start":{"line":25,"column":37},"end":{"line":25,"column":103}},"line":25},"2":{"name":"(anonymous_2)","decl":{"start":{"line":34,"column":22},"end":{"line":34,"column":23}},"loc":{"start":{"line":34,"column":37},"end":{"line":34,"column":97}},"line":34},"3":{"name":"(anonymous_3)","decl":{"start":{"line":43,"column":22},"end":{"line":43,"column":23}},"loc":{"start":{"line":43,"column":37},"end":{"line":43,"column":88}},"line":43},"4":{"name":"(anonymous_4)","decl":{"start":{"line":52,"column":22},"end":{"line":52,"column":23}},"loc":{"start":{"line":52,"column":37},"end":{"line":52,"column":108}},"line":52},"5":{"name":"(anonymous_5)","decl":{"start":{"line":61,"column":22},"end":{"line":61,"column":23}},"loc":{"start":{"line":61,"column":37},"end":{"line":61,"column":92}},"line":61}},"branchMap":{},"s":{"0":0,"1":0,"2":0,"3":0,"4":0,"5":0,"6":0,"7":0},"f":{"0":0,"1":0,"2":0,"3":0,"4":0,"5":0},"b":{}}
,"/Users/noahlee/Documents/PFMobileAppV3/app/(tabs)/alert.tsx": {"path":"/Users/noahlee/Documents/PFMobileAppV3/app/(tabs)/alert.tsx","statementMap":{"0":{"start":{"line":6,"column":4},"end":{"line":12,"column":5}}},"fnMap":{"0":{"name":"Alert","decl":{"start":{"line":5,"column":24},"end":{"line":5,"column":29}},"loc":{"start":{"line":5,"column":31},"end":{"line":13,"column":1}},"line":5}},"branchMap":{},"s":{"0":0},"f":{"0":0},"b":{}}
,"/Users/noahlee/Documents/PFMobileAppV3/app/(tabs)/community.tsx": {"path":"/Users/noahlee/Documents/PFMobileAppV3/app/(tabs)/community.tsx","statementMap":{"0":{"start":{"line":19,"column":27},"end":{"line":19,"column":106}},"1":{"start":{"line":20,"column":26},"end":{"line":20,"column":61}},"2":{"start":{"line":21,"column":37},"end":{"line":21,"column":58}},"3":{"start":{"line":24,"column":34},"end":{"line":24,"column":57}},"4":{"start":{"line":25,"column":42},"end":{"line":25,"column":64}},"5":{"start":{"line":27,"column":2},"end":{"line":29,"column":9}},"6":{"start":{"line":28,"column":4},"end":{"line":28,"column":35}},"7":{"start":{"line":31,"column":19},"end":{"line":61,"column":3}},"8":{"start":{"line":32,"column":4},"end":{"line":60,"column":6}},"9":{"start":{"line":39,"column":12},"end":{"line":42,"column":15}},"10":{"start":{"line":40,"column":14},"end":{"line":40,"column":63}},"11":{"start":{"line":41,"column":14},"end":{"line":41,"column":77}},"12":{"start":{"line":48,"column":12},"end":{"line":51,"column":15}},"13":{"start":{"line":49,"column":14},"end":{"line":49,"column":62}},"14":{"start":{"line":50,"column":14},"end":{"line":50,"column":76}},"15":{"start":{"line":64,"column":20},"end":{"line":70,"column":3}},"16":{"start":{"line":65,"column":4},"end":{"line":69,"column":5}},"17":{"start":{"line":66,"column":6},"end":{"line":66,"column":59}},"18":{"start":{"line":66,"column":47},"end":{"line":66,"column":56}},"19":{"start":{"line":68,"column":6},"end":{"line":68,"column":46}},"20":{"start":{"line":72,"column":24},"end":{"line":98,"column":3}},"21":{"start":{"line":73,"column":4},"end":{"line":97,"column":11}},"22":{"start":{"line":78,"column":43},"end":{"line":78,"column":68}},"23":{"start":{"line":91,"column":23},"end":{"line":91,"column":64}},"24":{"start":{"line":100,"column":2},"end":{"line":174,"column":4}},"25":{"start":{"line":114,"column":10},"end":{"line":128,"column":29}},"26":{"start":{"line":116,"column":27},"end":{"line":116,"column":41}},"27":{"start":{"line":134,"column":10},"end":{"line":148,"column":29}},"28":{"start":{"line":136,"column":27},"end":{"line":136,"column":41}},"29":{"start":{"line":155,"column":10},"end":{"line":155,"column":53}},"30":{"start":{"line":155,"column":41},"end":{"line":155,"column":53}},"31":{"start":{"line":157,"column":30},"end":{"line":159,"column":16}},"32":{"start":{"line":158,"column":49},"end":{"line":158,"column":59}},"33":{"start":{"line":161,"column":34},"end":{"line":161,"column":94}},"34":{"start":{"line":161,"column":61},"end":{"line":161,"column":93}},"35":{"start":{"line":162,"column":33},"end":{"line":162,"column":92}},"36":{"start":{"line":162,"column":60},"end":{"line":162,"column":91}},"37":{"start":{"line":164,"column":36},"end":{"line":164,"column":122}},"38":{"start":{"line":164,"column":96},"end":{"line":164,"column":121}},"39":{"start":{"line":165,"column":35},"end":{"line":165,"column":119}},"40":{"start":{"line":165,"column":93},"end":{"line":165,"column":118}},"41":{"start":{"line":167,"column":10},"end":{"line":167,"column":55}},"42":{"start":{"line":170,"column":39},"end":{"line":170,"column":55}},"43":{"start":{"line":177,"column":15},"end":{"line":293,"column":2}}},"fnMap":{"0":{"name":"Community","decl":{"start":{"line":23,"column":24},"end":{"line":23,"column":33}},"loc":{"start":{"line":23,"column":36},"end":{"line":175,"column":1}},"line":23},"1":{"name":"(anonymous_1)","decl":{"start":{"line":27,"column":12},"end":{"line":27,"column":13}},"loc":{"start":{"line":27,"column":18},"end":{"line":29,"column":3}},"line":27},"2":{"name":"(anonymous_2)","decl":{"start":{"line":31,"column":19},"end":{"line":31,"column":20}},"loc":{"start":{"line":31,"column":70},"end":{"line":61,"column":3}},"line":31},"3":{"name":"(anonymous_3)","decl":{"start":{"line":38,"column":19},"end":{"line":38,"column":20}},"loc":{"start":{"line":38,"column":25},"end":{"line":43,"column":11}},"line":38},"4":{"name":"(anonymous_4)","decl":{"start":{"line":39,"column":50},"end":{"line":39,"column":51}},"loc":{"start":{"line":39,"column":57},"end":{"line":42,"column":13}},"line":39},"5":{"name":"(anonymous_5)","decl":{"start":{"line":47,"column":19},"end":{"line":47,"column":20}},"loc":{"start":{"line":47,"column":25},"end":{"line":52,"column":11}},"line":47},"6":{"name":"(anonymous_6)","decl":{"start":{"line":48,"column":49},"end":{"line":48,"column":50}},"loc":{"start":{"line":48,"column":56},"end":{"line":51,"column":13}},"line":48},"7":{"name":"(anonymous_7)","decl":{"start":{"line":64,"column":20},"end":{"line":64,"column":21}},"loc":{"start":{"line":64,"column":37},"end":{"line":70,"column":3}},"line":64},"8":{"name":"(anonymous_8)","decl":{"start":{"line":66,"column":42},"end":{"line":66,"column":43}},"loc":{"start":{"line":66,"column":47},"end":{"line":66,"column":56}},"line":66},"9":{"name":"(anonymous_9)","decl":{"start":{"line":72,"column":24},"end":{"line":72,"column":25}},"loc":{"start":{"line":73,"column":4},"end":{"line":97,"column":11}},"line":73},"10":{"name":"(anonymous_10)","decl":{"start":{"line":78,"column":37},"end":{"line":78,"column":38}},"loc":{"start":{"line":78,"column":43},"end":{"line":78,"column":68}},"line":78},"11":{"name":"(anonymous_11)","decl":{"start":{"line":91,"column":17},"end":{"line":91,"column":18}},"loc":{"start":{"line":91,"column":23},"end":{"line":91,"column":64}},"line":91},"12":{"name":"(anonymous_12)","decl":{"start":{"line":113,"column":31},"end":{"line":113,"column":32}},"loc":{"start":{"line":114,"column":10},"end":{"line":128,"column":29}},"line":114},"13":{"name":"(anonymous_13)","decl":{"start":{"line":116,"column":21},"end":{"line":116,"column":22}},"loc":{"start":{"line":116,"column":27},"end":{"line":116,"column":41}},"line":116},"14":{"name":"(anonymous_14)","decl":{"start":{"line":133,"column":32},"end":{"line":133,"column":33}},"loc":{"start":{"line":134,"column":10},"end":{"line":148,"column":29}},"line":134},"15":{"name":"(anonymous_15)","decl":{"start":{"line":136,"column":21},"end":{"line":136,"column":22}},"loc":{"start":{"line":136,"column":27},"end":{"line":136,"column":41}},"line":136},"16":{"name":"(anonymous_16)","decl":{"start":{"line":154,"column":30},"end":{"line":154,"column":31}},"loc":{"start":{"line":154,"column":41},"end":{"line":168,"column":9}},"line":154},"17":{"name":"(anonymous_17)","decl":{"start":{"line":158,"column":42},"end":{"line":158,"column":43}},"loc":{"start":{"line":158,"column":49},"end":{"line":158,"column":59}},"line":158},"18":{"name":"(anonymous_18)","decl":{"start":{"line":161,"column":54},"end":{"line":161,"column":55}},"loc":{"start":{"line":161,"column":61},"end":{"line":161,"column":93}},"line":161},"19":{"name":"(anonymous_19)","decl":{"start":{"line":162,"column":53},"end":{"line":162,"column":54}},"loc":{"start":{"line":162,"column":60},"end":{"line":162,"column":91}},"line":162},"20":{"name":"(anonymous_20)","decl":{"start":{"line":164,"column":89},"end":{"line":164,"column":90}},"loc":{"start":{"line":164,"column":96},"end":{"line":164,"column":121}},"line":164},"21":{"name":"(anonymous_21)","decl":{"start":{"line":165,"column":86},"end":{"line":165,"column":87}},"loc":{"start":{"line":165,"column":93},"end":{"line":165,"column":118}},"line":165},"22":{"name":"(anonymous_22)","decl":{"start":{"line":170,"column":22},"end":{"line":170,"column":23}},"loc":{"start":{"line":170,"column":39},"end":{"line":170,"column":55}},"line":170}},"branchMap":{"0":{"loc":{"start":{"line":65,"column":4},"end":{"line":69,"column":5}},"type":"if","locations":[{"start":{"line":65,"column":4},"end":{"line":69,"column":5}},{"start":{"line":67,"column":11},"end":{"line":69,"column":5}}],"line":65},"1":{"loc":{"start":{"line":77,"column":9},"end":{"line":86,"column":9}},"type":"cond-expr","locations":[{"start":{"line":78,"column":10},"end":{"line":83,"column":29}},{"start":{"line":85,"column":10},"end":{"line":85,"column":66}}],"line":77},"2":{"loc":{"start":{"line":119,"column":14},"end":{"line":119,"column":68}},"type":"binary-expr","locations":[{"start":{"line":119,"column":14},"end":{"line":119,"column":40}},{"start":{"line":119,"column":44},"end":{"line":119,"column":68}}],"line":119},"3":{"loc":{"start":{"line":124,"column":14},"end":{"line":124,"column":72}},"type":"binary-expr","locations":[{"start":{"line":124,"column":14},"end":{"line":124,"column":40}},{"start":{"line":124,"column":44},"end":{"line":124,"column":72}}],"line":124},"4":{"loc":{"start":{"line":139,"column":14},"end":{"line":139,"column":68}},"type":"binary-expr","locations":[{"start":{"line":139,"column":14},"end":{"line":139,"column":40}},{"start":{"line":139,"column":44},"end":{"line":139,"column":68}}],"line":139},"5":{"loc":{"start":{"line":144,"column":14},"end":{"line":144,"column":72}},"type":"binary-expr","locations":[{"start":{"line":144,"column":14},"end":{"line":144,"column":40}},{"start":{"line":144,"column":44},"end":{"line":144,"column":72}}],"line":144},"6":{"loc":{"start":{"line":155,"column":10},"end":{"line":155,"column":53}},"type":"if","locations":[{"start":{"line":155,"column":10},"end":{"line":155,"column":53}},{"start":{},"end":{}}],"line":155},"7":{"loc":{"start":{"line":157,"column":30},"end":{"line":159,"column":16}},"type":"cond-expr","locations":[{"start":{"line":158,"column":14},"end":{"line":158,"column":60}},{"start":{"line":159,"column":14},"end":{"line":159,"column":16}}],"line":157},"8":{"loc":{"start":{"line":164,"column":36},"end":{"line":164,"column":122}},"type":"binary-expr","locations":[{"start":{"line":164,"column":36},"end":{"line":164,"column":64}},{"start":{"line":164,"column":68},"end":{"line":164,"column":122}}],"line":164},"9":{"loc":{"start":{"line":165,"column":35},"end":{"line":165,"column":119}},"type":"binary-expr","locations":[{"start":{"line":165,"column":35},"end":{"line":165,"column":62}},{"start":{"line":165,"column":66},"end":{"line":165,"column":119}}],"line":165},"10":{"loc":{"start":{"line":167,"column":17},"end":{"line":167,"column":54}},"type":"binary-expr","locations":[{"start":{"line":167,"column":17},"end":{"line":167,"column":34}},{"start":{"line":167,"column":38},"end":{"line":167,"column":54}}],"line":167}},"s":{"0":1,"1":1,"2":1,"3":34,"4":34,"5":34,"6":13,"7":34,"8":0,"9":0,"10":0,"11":0,"12":0,"13":0,"14":0,"15":34,"16":8,"17":1,"18":1,"19":7,"20":34,"21":49,"22":1,"23":0,"24":34,"25":102,"26":2,"27":204,"28":6,"29":63,"30":42,"31":21,"32":49,"33":21,"34":27,"35":21,"36":27,"37":21,"38":20,"39":21,"40":6,"41":21,"42":68,"43":1},"f":{"0":34,"1":13,"2":0,"3":0,"4":0,"5":0,"6":0,"7":8,"8":1,"9":49,"10":1,"11":0,"12":102,"13":2,"14":204,"15":6,"16":63,"17":49,"18":27,"19":27,"20":20,"21":6,"22":68},"b":{"0":[1,7],"1":[34,15],"2":[102,2],"3":[102,2],"4":[204,7],"5":[204,7],"6":[42,21],"7":[21,0],"8":[21,18],"9":[21,6],"10":[21,9]},"_coverageSchema":"1a1c01bbd47fc00a2c39e90264f33305004495a9","hash":"ed8a953b1e686ad8bcc01523941b378a21af47f5"}
,"/Users/noahlee/Documents/PFMobileAppV3/app/(tabs)/events.tsx": {"path":"/Users/noahlee/Documents/PFMobileAppV3/app/(tabs)/events.tsx","statementMap":{"0":{"start":{"line":33,"column":46},"end":{"line":43,"column":1}},"1":{"start":{"line":46,"column":32},"end":{"line":54,"column":1}},"2":{"start":{"line":57,"column":24},"end":{"line":64,"column":1}},"3":{"start":{"line":67,"column":27},"end":{"line":75,"column":1}},"4":{"start":{"line":77,"column":25},"end":{"line":723,"column":1}},"5":{"start":{"line":78,"column":30},"end":{"line":78,"column":51}},"6":{"start":{"line":79,"column":36},"end":{"line":79,"column":57}},"7":{"start":{"line":80,"column":42},"end":{"line":80,"column":63}},"8":{"start":{"line":81,"column":32},"end":{"line":81,"column":46}},"9":{"start":{"line":82,"column":42},"end":{"line":82,"column":57}},"10":{"start":{"line":83,"column":54},"end":{"line":83,"column":69}},"11":{"start":{"line":84,"column":44},"end":{"line":84,"column":72}},"12":{"start":{"line":85,"column":54},"end":{"line":85,"column":69}},"13":{"start":{"line":86,"column":34},"end":{"line":93,"column":4}},"14":{"start":{"line":94,"column":50},"end":{"line":94,"column":62}},"15":{"start":{"line":95,"column":44},"end":{"line":95,"column":59}},"16":{"start":{"line":96,"column":48},"end":{"line":96,"column":63}},"17":{"start":{"line":97,"column":48},"end":{"line":97,"column":63}},"18":{"start":{"line":98,"column":66},"end":{"line":98,"column":81}},"19":{"start":{"line":99,"column":56},"end":{"line":99,"column":68}},"20":{"start":{"line":100,"column":40},"end":{"line":100,"column":52}},"21":{"start":{"line":101,"column":48},"end":{"line":101,"column":63}},"22":{"start":{"line":103,"column":21},"end":{"line":103,"column":66}},"23":{"start":{"line":105,"column":2},"end":{"line":131,"column":15}},"24":{"start":{"line":106,"column":4},"end":{"line":130,"column":13}},"25":{"start":{"line":108,"column":25},"end":{"line":108,"column":57}},"26":{"start":{"line":109,"column":6},"end":{"line":109,"column":28}},"27":{"start":{"line":112,"column":29},"end":{"line":113,"column":80}},"28":{"start":{"line":113,"column":24},"end":{"line":113,"column":79}},"29":{"start":{"line":114,"column":6},"end":{"line":114,"column":35}},"30":{"start":{"line":117,"column":20},"end":{"line":117,"column":30}},"31":{"start":{"line":118,"column":26},"end":{"line":118,"column":36}},"32":{"start":{"line":119,"column":6},"end":{"line":119,"column":49}},"33":{"start":{"line":121,"column":21},"end":{"line":124,"column":8}},"34":{"start":{"line":122,"column":26},"end":{"line":122,"column":46}},"35":{"start":{"line":123,"column":8},"end":{"line":123,"column":62}},"36":{"start":{"line":126,"column":6},"end":{"line":126,"column":30}},"37":{"start":{"line":127,"column":6},"end":{"line":127,"column":51}},"38":{"start":{"line":129,"column":6},"end":{"line":129,"column":24}},"39":{"start":{"line":133,"column":27},"end":{"line":140,"column":3}},"40":{"start":{"line":134,"column":4},"end":{"line":134,"column":28}},"41":{"start":{"line":135,"column":4},"end":{"line":139,"column":5}},"42":{"start":{"line":136,"column":6},"end":{"line":136,"column":34}},"43":{"start":{"line":138,"column":6},"end":{"line":138,"column":28}},"44":{"start":{"line":143,"column":29},"end":{"line":151,"column":3}},"45":{"start":{"line":144,"column":18},"end":{"line":144,"column":39}},"46":{"start":{"line":145,"column":4},"end":{"line":145,"column":46}},"47":{"start":{"line":145,"column":33},"end":{"line":145,"column":46}},"48":{"start":{"line":147,"column":17},"end":{"line":147,"column":37}},"49":{"start":{"line":148,"column":4},"end":{"line":148,"column":44}},"50":{"start":{"line":148,"column":31},"end":{"line":148,"column":44}},"51":{"start":{"line":150,"column":4},"end":{"line":150,"column":16}},"52":{"start":{"line":153,"column":27},"end":{"line":158,"column":3}},"53":{"start":{"line":154,"column":4},"end":{"line":157,"column":7}},"54":{"start":{"line":160,"column":28},"end":{"line":218,"column":3}},"55":{"start":{"line":162,"column":4},"end":{"line":165,"column":5}},"56":{"start":{"line":163,"column":6},"end":{"line":163,"column":41}},"57":{"start":{"line":164,"column":6},"end":{"line":164,"column":13}},"58":{"start":{"line":168,"column":4},"end":{"line":171,"column":5}},"59":{"start":{"line":169,"column":6},"end":{"line":169,"column":62}},"60":{"start":{"line":170,"column":6},"end":{"line":170,"column":13}},"61":{"start":{"line":174,"column":21},"end":{"line":174,"column":54}},"62":{"start":{"line":177,"column":30},"end":{"line":181,"column":5}},"63":{"start":{"line":184,"column":32},"end":{"line":184,"column":58}},"64":{"start":{"line":185,"column":4},"end":{"line":185,"column":38}},"65":{"start":{"line":188,"column":4},"end":{"line":188,"column":39}},"66":{"start":{"line":191,"column":22},"end":{"line":191,"column":47}},"67":{"start":{"line":192,"column":18},"end":{"line":192,"column":28}},"68":{"start":{"line":193,"column":24},"end":{"line":193,"column":34}},"69":{"start":{"line":194,"column":4},"end":{"line":194,"column":47}},"70":{"start":{"line":196,"column":4},"end":{"line":198,"column":5}},"71":{"start":{"line":197,"column":6},"end":{"line":197,"column":53}},"72":{"start":{"line":201,"column":4},"end":{"line":201,"column":50}},"73":{"start":{"line":204,"column":4},"end":{"line":211,"column":7}},"74":{"start":{"line":212,"column":4},"end":{"line":212,"column":28}},"75":{"start":{"line":213,"column":4},"end":{"line":213,"column":33}},"76":{"start":{"line":214,"column":4},"end":{"line":214,"column":30}},"77":{"start":{"line":217,"column":4},"end":{"line":217,"column":63}},"78":{"start":{"line":220,"column":21},"end":{"line":227,"column":3}},"79":{"start":{"line":221,"column":4},"end":{"line":225,"column":5}},"80":{"start":{"line":222,"column":6},"end":{"line":222,"column":35}},"81":{"start":{"line":224,"column":6},"end":{"line":224,"column":29}},"82":{"start":{"line":226,"column":4},"end":{"line":226,"column":27}},"83":{"start":{"line":229,"column":26},"end":{"line":240,"column":3}},"84":{"start":{"line":230,"column":28},"end":{"line":230,"column":63}},"85":{"start":{"line":230,"column":45},"end":{"line":230,"column":62}},"86":{"start":{"line":232,"column":4},"end":{"line":237,"column":5}},"87":{"start":{"line":233,"column":6},"end":{"line":233,"column":36}},"88":{"start":{"line":234,"column":6},"end":{"line":234,"column":47}},"89":{"start":{"line":236,"column":6},"end":{"line":236,"column":57}},"90":{"start":{"line":239,"column":4},"end":{"line":239,"column":33}},"91":{"start":{"line":242,"column":32},"end":{"line":249,"column":3}},"92":{"start":{"line":243,"column":4},"end":{"line":248,"column":5}},"93":{"start":{"line":244,"column":6},"end":{"line":244,"column":29}},"94":{"start":{"line":245,"column":6},"end":{"line":245,"column":40}},"95":{"start":{"line":246,"column":6},"end":{"line":246,"column":33}},"96":{"start":{"line":247,"column":6},"end":{"line":247,"column":25}},"97":{"start":{"line":251,"column":27},"end":{"line":254,"column":3}},"98":{"start":{"line":252,"column":4},"end":{"line":252,"column":39}},"99":{"start":{"line":253,"column":4},"end":{"line":253,"column":26}},"100":{"start":{"line":256,"column":28},"end":{"line":279,"column":3}},"101":{"start":{"line":257,"column":4},"end":{"line":278,"column":5}},"102":{"start":{"line":258,"column":21},"end":{"line":258,"column":88}},"103":{"start":{"line":260,"column":6},"end":{"line":263,"column":7}},"104":{"start":{"line":261,"column":8},"end":{"line":261,"column":62}},"105":{"start":{"line":262,"column":8},"end":{"line":262,"column":15}},"106":{"start":{"line":266,"column":28},"end":{"line":266,"column":73}},"107":{"start":{"line":266,"column":47},"end":{"line":266,"column":72}},"108":{"start":{"line":267,"column":6},"end":{"line":267,"column":31}},"109":{"start":{"line":270,"column":6},"end":{"line":270,"column":75}},"110":{"start":{"line":273,"column":6},"end":{"line":273,"column":41}},"111":{"start":{"line":274,"column":6},"end":{"line":274,"column":29}},"112":{"start":{"line":277,"column":6},"end":{"line":277,"column":53}},"113":{"start":{"line":282,"column":24},"end":{"line":296,"column":3}},"114":{"start":{"line":283,"column":4},"end":{"line":295,"column":5}},"115":{"start":{"line":285,"column":8},"end":{"line":285,"column":31}},"116":{"start":{"line":286,"column":8},"end":{"line":286,"column":14}},"117":{"start":{"line":288,"column":8},"end":{"line":288,"column":33}},"118":{"start":{"line":289,"column":8},"end":{"line":289,"column":14}},"119":{"start":{"line":291,"column":8},"end":{"line":291,"column":33}},"120":{"start":{"line":292,"column":8},"end":{"line":292,"column":14}},"121":{"start":{"line":294,"column":8},"end":{"line":294,"column":14}},"122":{"start":{"line":298,"column":27},"end":{"line":312,"column":3}},"123":{"start":{"line":299,"column":4},"end":{"line":299,"column":38}},"124":{"start":{"line":302,"column":25},"end":{"line":302,"column":39}},"125":{"start":{"line":305,"column":4},"end":{"line":308,"column":7}},"126":{"start":{"line":315,"column":25},"end":{"line":317,"column":3}},"127":{"start":{"line":316,"column":4},"end":{"line":316,"column":41}},"128":{"start":{"line":319,"column":2},"end":{"line":321,"column":3}},"129":{"start":{"line":320,"column":4},"end":{"line":320,"column":68}},"130":{"start":{"line":323,"column":2},"end":{"line":722,"column":4}},"131":{"start":{"line":335,"column":40},"end":{"line":335,"column":47}},"132":{"start":{"line":339,"column":18},"end":{"line":343,"column":20}},"133":{"start":{"line":341,"column":35},"end":{"line":341,"column":57}},"134":{"start":{"line":351,"column":33},"end":{"line":351,"column":58}},"135":{"start":{"line":359,"column":33},"end":{"line":359,"column":58}},"136":{"start":{"line":377,"column":40},"end":{"line":377,"column":47}},"137":{"start":{"line":381,"column":18},"end":{"line":385,"column":20}},"138":{"start":{"line":383,"column":35},"end":{"line":383,"column":63}},"139":{"start":{"line":393,"column":33},"end":{"line":393,"column":56}},"140":{"start":{"line":401,"column":33},"end":{"line":401,"column":56}},"141":{"start":{"line":416,"column":38},"end":{"line":416,"column":45}},"142":{"start":{"line":420,"column":16},"end":{"line":424,"column":18}},"143":{"start":{"line":422,"column":33},"end":{"line":422,"column":61}},"144":{"start":{"line":432,"column":31},"end":{"line":432,"column":56}},"145":{"start":{"line":440,"column":31},"end":{"line":440,"column":56}},"146":{"start":{"line":451,"column":25},"end":{"line":451,"column":52}},"147":{"start":{"line":464,"column":32},"end":{"line":464,"column":44}},"148":{"start":{"line":481,"column":74},"end":{"line":481,"column":86}},"149":{"start":{"line":502,"column":16},"end":{"line":516,"column":35}},"150":{"start":{"line":508,"column":33},"end":{"line":508,"column":63}},"151":{"start":{"line":559,"column":32},"end":{"line":559,"column":48}},"152":{"start":{"line":572,"column":35},"end":{"line":572,"column":60}},"153":{"start":{"line":574,"column":31},"end":{"line":574,"column":61}},"154":{"start":{"line":577,"column":36},"end":{"line":577,"column":61}},"155":{"start":{"line":581,"column":74},"end":{"line":581,"column":90}},"156":{"start":{"line":595,"column":10},"end":{"line":595,"column":36}},"157":{"start":{"line":596,"column":10},"end":{"line":596,"column":39}},"158":{"start":{"line":610,"column":40},"end":{"line":610,"column":79}},"159":{"start":{"line":662,"column":40},"end":{"line":662,"column":82}},"160":{"start":{"line":669,"column":18},"end":{"line":683,"column":37}},"161":{"start":{"line":675,"column":35},"end":{"line":675,"column":64}},"162":{"start":{"line":693,"column":40},"end":{"line":693,"column":85}},"163":{"start":{"line":703,"column":20},"end":{"line":703,"column":46}},"164":{"start":{"line":704,"column":20},"end":{"line":704,"column":49}},"165":{"start":{"line":727,"column":15},"end":{"line":1023,"column":2}}},"fnMap":{"0":{"name":"(anonymous_0)","decl":{"start":{"line":77,"column":25},"end":{"line":77,"column":26}},"loc":{"start":{"line":77,"column":31},"end":{"line":723,"column":1}},"line":77},"1":{"name":"(anonymous_1)","decl":{"start":{"line":105,"column":12},"end":{"line":105,"column":13}},"loc":{"start":{"line":105,"column":18},"end":{"line":131,"column":3}},"line":105},"2":{"name":"(anonymous_2)","decl":{"start":{"line":106,"column":15},"end":{"line":106,"column":16}},"loc":{"start":{"line":106,"column":21},"end":{"line":130,"column":5}},"line":106},"3":{"name":"(anonymous_3)","decl":{"start":{"line":113,"column":14},"end":{"line":113,"column":15}},"loc":{"start":{"line":113,"column":24},"end":{"line":113,"column":79}},"line":113},"4":{"name":"(anonymous_4)","decl":{"start":{"line":121,"column":43},"end":{"line":121,"column":44}},"loc":{"start":{"line":121,"column":52},"end":{"line":124,"column":7}},"line":121},"5":{"name":"(anonymous_5)","decl":{"start":{"line":133,"column":27},"end":{"line":133,"column":28}},"loc":{"start":{"line":133,"column":72},"end":{"line":140,"column":3}},"line":133},"6":{"name":"(anonymous_6)","decl":{"start":{"line":143,"column":29},"end":{"line":143,"column":30}},"loc":{"start":{"line":143,"column":62},"end":{"line":151,"column":3}},"line":143},"7":{"name":"(anonymous_7)","decl":{"start":{"line":153,"column":27},"end":{"line":153,"column":28}},"loc":{"start":{"line":153,"column":45},"end":{"line":158,"column":3}},"line":153},"8":{"name":"(anonymous_8)","decl":{"start":{"line":160,"column":28},"end":{"line":160,"column":29}},"loc":{"start":{"line":160,"column":34},"end":{"line":218,"column":3}},"line":160},"9":{"name":"(anonymous_9)","decl":{"start":{"line":220,"column":21},"end":{"line":220,"column":22}},"loc":{"start":{"line":220,"column":52},"end":{"line":227,"column":3}},"line":220},"10":{"name":"(anonymous_10)","decl":{"start":{"line":229,"column":26},"end":{"line":229,"column":27}},"loc":{"start":{"line":229,"column":44},"end":{"line":240,"column":3}},"line":229},"11":{"name":"(anonymous_11)","decl":{"start":{"line":230,"column":40},"end":{"line":230,"column":41}},"loc":{"start":{"line":230,"column":45},"end":{"line":230,"column":62}},"line":230},"12":{"name":"(anonymous_12)","decl":{"start":{"line":242,"column":32},"end":{"line":242,"column":33}},"loc":{"start":{"line":242,"column":38},"end":{"line":249,"column":3}},"line":242},"13":{"name":"(anonymous_13)","decl":{"start":{"line":251,"column":27},"end":{"line":251,"column":28}},"loc":{"start":{"line":251,"column":33},"end":{"line":254,"column":3}},"line":251},"14":{"name":"(anonymous_14)","decl":{"start":{"line":256,"column":28},"end":{"line":256,"column":29}},"loc":{"start":{"line":256,"column":34},"end":{"line":279,"column":3}},"line":256},"15":{"name":"(anonymous_15)","decl":{"start":{"line":266,"column":42},"end":{"line":266,"column":43}},"loc":{"start":{"line":266,"column":47},"end":{"line":266,"column":72}},"line":266},"16":{"name":"(anonymous_16)","decl":{"start":{"line":282,"column":24},"end":{"line":282,"column":25}},"loc":{"start":{"line":282,"column":46},"end":{"line":296,"column":3}},"line":282},"17":{"name":"(anonymous_17)","decl":{"start":{"line":298,"column":27},"end":{"line":298,"column":28}},"loc":{"start":{"line":298,"column":41},"end":{"line":312,"column":3}},"line":298},"18":{"name":"(anonymous_18)","decl":{"start":{"line":315,"column":25},"end":{"line":315,"column":26}},"loc":{"start":{"line":315,"column":31},"end":{"line":317,"column":3}},"line":315},"19":{"name":"(anonymous_19)","decl":{"start":{"line":335,"column":30},"end":{"line":335,"column":31}},"loc":{"start":{"line":335,"column":40},"end":{"line":335,"column":47}},"line":335},"20":{"name":"(anonymous_20)","decl":{"start":{"line":338,"column":28},"end":{"line":338,"column":29}},"loc":{"start":{"line":339,"column":18},"end":{"line":343,"column":20}},"line":339},"21":{"name":"(anonymous_21)","decl":{"start":{"line":341,"column":29},"end":{"line":341,"column":30}},"loc":{"start":{"line":341,"column":35},"end":{"line":341,"column":57}},"line":341},"22":{"name":"(anonymous_22)","decl":{"start":{"line":351,"column":27},"end":{"line":351,"column":28}},"loc":{"start":{"line":351,"column":33},"end":{"line":351,"column":58}},"line":351},"23":{"name":"(anonymous_23)","decl":{"start":{"line":359,"column":27},"end":{"line":359,"column":28}},"loc":{"start":{"line":359,"column":33},"end":{"line":359,"column":58}},"line":359},"24":{"name":"(anonymous_24)","decl":{"start":{"line":377,"column":30},"end":{"line":377,"column":31}},"loc":{"start":{"line":377,"column":40},"end":{"line":377,"column":47}},"line":377},"25":{"name":"(anonymous_25)","decl":{"start":{"line":380,"column":28},"end":{"line":380,"column":29}},"loc":{"start":{"line":381,"column":18},"end":{"line":385,"column":20}},"line":381},"26":{"name":"(anonymous_26)","decl":{"start":{"line":383,"column":29},"end":{"line":383,"column":30}},"loc":{"start":{"line":383,"column":35},"end":{"line":383,"column":63}},"line":383},"27":{"name":"(anonymous_27)","decl":{"start":{"line":393,"column":27},"end":{"line":393,"column":28}},"loc":{"start":{"line":393,"column":33},"end":{"line":393,"column":56}},"line":393},"28":{"name":"(anonymous_28)","decl":{"start":{"line":401,"column":27},"end":{"line":401,"column":28}},"loc":{"start":{"line":401,"column":33},"end":{"line":401,"column":56}},"line":401},"29":{"name":"(anonymous_29)","decl":{"start":{"line":416,"column":28},"end":{"line":416,"column":29}},"loc":{"start":{"line":416,"column":38},"end":{"line":416,"column":45}},"line":416},"30":{"name":"(anonymous_30)","decl":{"start":{"line":419,"column":26},"end":{"line":419,"column":27}},"loc":{"start":{"line":420,"column":16},"end":{"line":424,"column":18}},"line":420},"31":{"name":"(anonymous_31)","decl":{"start":{"line":422,"column":27},"end":{"line":422,"column":28}},"loc":{"start":{"line":422,"column":33},"end":{"line":422,"column":61}},"line":422},"32":{"name":"(anonymous_32)","decl":{"start":{"line":432,"column":25},"end":{"line":432,"column":26}},"loc":{"start":{"line":432,"column":31},"end":{"line":432,"column":56}},"line":432},"33":{"name":"(anonymous_33)","decl":{"start":{"line":440,"column":25},"end":{"line":440,"column":26}},"loc":{"start":{"line":440,"column":31},"end":{"line":440,"column":56}},"line":440},"34":{"name":"(anonymous_34)","decl":{"start":{"line":451,"column":19},"end":{"line":451,"column":20}},"loc":{"start":{"line":451,"column":25},"end":{"line":451,"column":52}},"line":451},"35":{"name":"(anonymous_35)","decl":{"start":{"line":464,"column":26},"end":{"line":464,"column":27}},"loc":{"start":{"line":464,"column":32},"end":{"line":464,"column":44}},"line":464},"36":{"name":"(anonymous_36)","decl":{"start":{"line":481,"column":68},"end":{"line":481,"column":69}},"loc":{"start":{"line":481,"column":74},"end":{"line":481,"column":86}},"line":481},"37":{"name":"(anonymous_37)","decl":{"start":{"line":501,"column":38},"end":{"line":501,"column":39}},"loc":{"start":{"line":502,"column":16},"end":{"line":516,"column":35}},"line":502},"38":{"name":"(anonymous_38)","decl":{"start":{"line":508,"column":27},"end":{"line":508,"column":28}},"loc":{"start":{"line":508,"column":33},"end":{"line":508,"column":63}},"line":508},"39":{"name":"(anonymous_39)","decl":{"start":{"line":559,"column":26},"end":{"line":559,"column":27}},"loc":{"start":{"line":559,"column":32},"end":{"line":559,"column":48}},"line":559},"40":{"name":"(anonymous_40)","decl":{"start":{"line":572,"column":30},"end":{"line":572,"column":31}},"loc":{"start":{"line":572,"column":35},"end":{"line":572,"column":60}},"line":572},"41":{"name":"(anonymous_41)","decl":{"start":{"line":574,"column":25},"end":{"line":574,"column":26}},"loc":{"start":{"line":574,"column":31},"end":{"line":574,"column":61}},"line":574},"42":{"name":"(anonymous_42)","decl":{"start":{"line":577,"column":31},"end":{"line":577,"column":32}},"loc":{"start":{"line":577,"column":36},"end":{"line":577,"column":61}},"line":577},"43":{"name":"(anonymous_43)","decl":{"start":{"line":581,"column":68},"end":{"line":581,"column":69}},"loc":{"start":{"line":581,"column":74},"end":{"line":581,"column":90}},"line":581},"44":{"name":"(anonymous_44)","decl":{"start":{"line":594,"column":24},"end":{"line":594,"column":25}},"loc":{"start":{"line":594,"column":30},"end":{"line":597,"column":9}},"line":594},"45":{"name":"(anonymous_45)","decl":{"start":{"line":610,"column":30},"end":{"line":610,"column":31}},"loc":{"start":{"line":610,"column":40},"end":{"line":610,"column":79}},"line":610},"46":{"name":"(anonymous_46)","decl":{"start":{"line":662,"column":30},"end":{"line":662,"column":31}},"loc":{"start":{"line":662,"column":40},"end":{"line":662,"column":82}},"line":662},"47":{"name":"(anonymous_47)","decl":{"start":{"line":668,"column":37},"end":{"line":668,"column":38}},"loc":{"start":{"line":669,"column":18},"end":{"line":683,"column":37}},"line":669},"48":{"name":"(anonymous_48)","decl":{"start":{"line":675,"column":29},"end":{"line":675,"column":30}},"loc":{"start":{"line":675,"column":35},"end":{"line":675,"column":64}},"line":675},"49":{"name":"(anonymous_49)","decl":{"start":{"line":693,"column":30},"end":{"line":693,"column":31}},"loc":{"start":{"line":693,"column":40},"end":{"line":693,"column":85}},"line":693},"50":{"name":"(anonymous_50)","decl":{"start":{"line":702,"column":27},"end":{"line":702,"column":28}},"loc":{"start":{"line":702,"column":33},"end":{"line":705,"column":19}},"line":702}},"branchMap":{"0":{"loc":{"start":{"line":108,"column":25},"end":{"line":108,"column":57}},"type":"binary-expr","locations":[{"start":{"line":108,"column":25},"end":{"line":108,"column":51}},{"start":{"line":108,"column":55},"end":{"line":108,"column":57}}],"line":108},"1":{"loc":{"start":{"line":108,"column":38},"end":{"line":108,"column":50}},"type":"binary-expr","locations":[{"start":{"line":108,"column":38},"end":{"line":108,"column":44}},{"start":{"line":108,"column":48},"end":{"line":108,"column":50}}],"line":108},"2":{"loc":{"start":{"line":123,"column":15},"end":{"line":123,"column":61}},"type":"binary-expr","locations":[{"start":{"line":123,"column":15},"end":{"line":123,"column":39}},{"start":{"line":123,"column":43},"end":{"line":123,"column":61}}],"line":123},"3":{"loc":{"start":{"line":133,"column":42},"end":{"line":133,"column":67}},"type":"default-arg","locations":[{"start":{"line":133,"column":62},"end":{"line":133,"column":67}}],"line":133},"4":{"loc":{"start":{"line":135,"column":4},"end":{"line":139,"column":5}},"type":"if","locations":[{"start":{"line":135,"column":4},"end":{"line":139,"column":5}},{"start":{"line":137,"column":11},"end":{"line":139,"column":5}}],"line":135},"5":{"loc":{"start":{"line":145,"column":4},"end":{"line":145,"column":46}},"type":"if","locations":[{"start":{"line":145,"column":4},"end":{"line":145,"column":46}},{"start":{},"end":{}}],"line":145},"6":{"loc":{"start":{"line":148,"column":4},"end":{"line":148,"column":44}},"type":"if","locations":[{"start":{"line":148,"column":4},"end":{"line":148,"column":44}},{"start":{},"end":{}}],"line":148},"7":{"loc":{"start":{"line":162,"column":4},"end":{"line":165,"column":5}},"type":"if","locations":[{"start":{"line":162,"column":4},"end":{"line":165,"column":5}},{"start":{},"end":{}}],"line":162},"8":{"loc":{"start":{"line":162,"column":8},"end":{"line":162,"column":109}},"type":"binary-expr","locations":[{"start":{"line":162,"column":8},"end":{"line":162,"column":23}},{"start":{"line":162,"column":27},"end":{"line":162,"column":41}},{"start":{"line":162,"column":45},"end":{"line":162,"column":63}},{"start":{"line":162,"column":67},"end":{"line":162,"column":88}},{"start":{"line":162,"column":92},"end":{"line":162,"column":109}}],"line":162},"9":{"loc":{"start":{"line":168,"column":4},"end":{"line":171,"column":5}},"type":"if","locations":[{"start":{"line":168,"column":4},"end":{"line":171,"column":5}},{"start":{},"end":{}}],"line":168},"10":{"loc":{"start":{"line":196,"column":4},"end":{"line":198,"column":5}},"type":"if","locations":[{"start":{"line":196,"column":4},"end":{"line":198,"column":5}},{"start":{},"end":{}}],"line":196},"11":{"loc":{"start":{"line":196,"column":8},"end":{"line":196,"column":54}},"type":"binary-expr","locations":[{"start":{"line":196,"column":8},"end":{"line":196,"column":32}},{"start":{"line":196,"column":36},"end":{"line":196,"column":54}}],"line":196},"12":{"loc":{"start":{"line":220,"column":22},"end":{"line":220,"column":47}},"type":"default-arg","locations":[{"start":{"line":220,"column":42},"end":{"line":220,"column":47}}],"line":220},"13":{"loc":{"start":{"line":221,"column":4},"end":{"line":225,"column":5}},"type":"if","locations":[{"start":{"line":221,"column":4},"end":{"line":225,"column":5}},{"start":{"line":223,"column":11},"end":{"line":225,"column":5}}],"line":221},"14":{"loc":{"start":{"line":232,"column":4},"end":{"line":237,"column":5}},"type":"if","locations":[{"start":{"line":232,"column":4},"end":{"line":237,"column":5}},{"start":{"line":235,"column":11},"end":{"line":237,"column":5}}],"line":232},"15":{"loc":{"start":{"line":243,"column":4},"end":{"line":248,"column":5}},"type":"if","locations":[{"start":{"line":243,"column":4},"end":{"line":248,"column":5}},{"start":{},"end":{}}],"line":243},"16":{"loc":{"start":{"line":257,"column":4},"end":{"line":278,"column":5}},"type":"if","locations":[{"start":{"line":257,"column":4},"end":{"line":278,"column":5}},{"start":{},"end":{}}],"line":257},"17":{"loc":{"start":{"line":258,"column":21},"end":{"line":258,"column":88}},"type":"cond-expr","locations":[{"start":{"line":258,"column":55},"end":{"line":258,"column":66}},{"start":{"line":258,"column":69},"end":{"line":258,"column":88}}],"line":258},"18":{"loc":{"start":{"line":260,"column":6},"end":{"line":263,"column":7}},"type":"if","locations":[{"start":{"line":260,"column":6},"end":{"line":263,"column":7}},{"start":{},"end":{}}],"line":260},"19":{"loc":{"start":{"line":283,"column":4},"end":{"line":295,"column":5}},"type":"switch","locations":[{"start":{"line":284,"column":6},"end":{"line":286,"column":14}},{"start":{"line":287,"column":6},"end":{"line":289,"column":14}},{"start":{"line":290,"column":6},"end":{"line":292,"column":14}},{"start":{"line":293,"column":6},"end":{"line":294,"column":14}}],"line":283},"20":{"loc":{"start":{"line":319,"column":2},"end":{"line":321,"column":3}},"type":"if","locations":[{"start":{"line":319,"column":2},"end":{"line":321,"column":3}},{"start":{},"end":{}}],"line":319},"21":{"loc":{"start":{"line":329,"column":11},"end":{"line":365,"column":11}},"type":"cond-expr","locations":[{"start":{"line":330,"column":12},"end":{"line":330,"column":80}},{"start":{"line":332,"column":12},"end":{"line":364,"column":19}}],"line":329},"22":{"loc":{"start":{"line":334,"column":22},"end":{"line":334,"column":67}},"type":"cond-expr","locations":[{"start":{"line":334,"column":40},"end":{"line":334,"column":46}},{"start":{"line":334,"column":49},"end":{"line":334,"column":67}}],"line":334},"23":{"loc":{"start":{"line":348,"column":15},"end":{"line":355,"column":15}},"type":"binary-expr","locations":[{"start":{"line":348,"column":15},"end":{"line":348,"column":32}},{"start":{"line":348,"column":36},"end":{"line":348,"column":52}},{"start":{"line":349,"column":16},"end":{"line":354,"column":35}}],"line":348},"24":{"loc":{"start":{"line":356,"column":15},"end":{"line":363,"column":15}},"type":"binary-expr","locations":[{"start":{"line":356,"column":15},"end":{"line":356,"column":30}},{"start":{"line":357,"column":16},"end":{"line":362,"column":35}}],"line":356},"25":{"loc":{"start":{"line":371,"column":11},"end":{"line":407,"column":11}},"type":"cond-expr","locations":[{"start":{"line":372,"column":12},"end":{"line":372,"column":83}},{"start":{"line":374,"column":12},"end":{"line":406,"column":19}}],"line":371},"26":{"loc":{"start":{"line":376,"column":22},"end":{"line":376,"column":77}},"type":"cond-expr","locations":[{"start":{"line":376,"column":38},"end":{"line":376,"column":50}},{"start":{"line":376,"column":53},"end":{"line":376,"column":77}}],"line":376},"27":{"loc":{"start":{"line":390,"column":15},"end":{"line":397,"column":15}},"type":"binary-expr","locations":[{"start":{"line":390,"column":15},"end":{"line":390,"column":38}},{"start":{"line":390,"column":42},"end":{"line":390,"column":56}},{"start":{"line":391,"column":16},"end":{"line":396,"column":35}}],"line":390},"28":{"loc":{"start":{"line":398,"column":15},"end":{"line":405,"column":15}},"type":"binary-expr","locations":[{"start":{"line":398,"column":15},"end":{"line":398,"column":28}},{"start":{"line":399,"column":16},"end":{"line":404,"column":35}}],"line":398},"29":{"loc":{"start":{"line":415,"column":20},"end":{"line":415,"column":71}},"type":"cond-expr","locations":[{"start":{"line":415,"column":38},"end":{"line":415,"column":47}},{"start":{"line":415,"column":50},"end":{"line":415,"column":71}}],"line":415},"30":{"loc":{"start":{"line":429,"column":13},"end":{"line":436,"column":13}},"type":"binary-expr","locations":[{"start":{"line":429,"column":13},"end":{"line":429,"column":33}},{"start":{"line":429,"column":37},"end":{"line":429,"column":53}},{"start":{"line":430,"column":14},"end":{"line":435,"column":33}}],"line":429},"31":{"loc":{"start":{"line":437,"column":13},"end":{"line":444,"column":13}},"type":"binary-expr","locations":[{"start":{"line":437,"column":13},"end":{"line":437,"column":28}},{"start":{"line":438,"column":14},"end":{"line":443,"column":33}}],"line":437},"32":{"loc":{"start":{"line":459,"column":7},"end":{"line":487,"column":7}},"type":"binary-expr","locations":[{"start":{"line":459,"column":7},"end":{"line":459,"column":20}},{"start":{"line":459,"column":24},"end":{"line":459,"column":43}},{"start":{"line":460,"column":8},"end":{"line":486,"column":16}}],"line":459},"33":{"loc":{"start":{"line":506,"column":20},"end":{"line":506,"column":75}},"type":"binary-expr","locations":[{"start":{"line":506,"column":20},"end":{"line":506,"column":50}},{"start":{"line":506,"column":54},"end":{"line":506,"column":75}}],"line":506},"34":{"loc":{"start":{"line":512,"column":20},"end":{"line":512,"column":79}},"type":"binary-expr","locations":[{"start":{"line":512,"column":20},"end":{"line":512,"column":50}},{"start":{"line":512,"column":54},"end":{"line":512,"column":79}}],"line":512},"35":{"loc":{"start":{"line":520,"column":13},"end":{"line":532,"column":13}},"type":"binary-expr","locations":[{"start":{"line":520,"column":13},"end":{"line":520,"column":44}},{"start":{"line":521,"column":14},"end":{"line":531,"column":21}}],"line":520},"36":{"loc":{"start":{"line":554,"column":7},"end":{"line":587,"column":7}},"type":"binary-expr","locations":[{"start":{"line":554,"column":7},"end":{"line":554,"column":20}},{"start":{"line":554,"column":24},"end":{"line":554,"column":42}},{"start":{"line":555,"column":8},"end":{"line":586,"column":16}}],"line":554},"37":{"loc":{"start":{"line":572,"column":18},"end":{"line":572,"column":90}},"type":"cond-expr","locations":[{"start":{"line":572,"column":64},"end":{"line":572,"column":83}},{"start":{"line":572,"column":86},"end":{"line":572,"column":90}}],"line":572},"38":{"loc":{"start":{"line":577,"column":19},"end":{"line":577,"column":96}},"type":"cond-expr","locations":[{"start":{"line":577,"column":65},"end":{"line":577,"column":81}},{"start":{"line":577,"column":84},"end":{"line":577,"column":96}}],"line":577},"39":{"loc":{"start":{"line":617,"column":15},"end":{"line":654,"column":15}},"type":"cond-expr","locations":[{"start":{"line":618,"column":16},"end":{"line":624,"column":35}},{"start":{"line":626,"column":16},"end":{"line":653,"column":23}}],"line":617},"40":{"loc":{"start":{"line":673,"column":22},"end":{"line":673,"column":78}},"type":"binary-expr","locations":[{"start":{"line":673,"column":22},"end":{"line":673,"column":51}},{"start":{"line":673,"column":55},"end":{"line":673,"column":78}}],"line":673},"41":{"loc":{"start":{"line":679,"column":22},"end":{"line":679,"column":82}},"type":"binary-expr","locations":[{"start":{"line":679,"column":22},"end":{"line":679,"column":51}},{"start":{"line":679,"column":55},"end":{"line":679,"column":82}}],"line":679}},"s":{"0":0,"1":0,"2":0,"3":0,"4":0,"5":0,"6":0,"7":0,"8":0,"9":0,"10":0,"11":0,"12":0,"13":0,"14":0,"15":0,"16":0,"17":0,"18":0,"19":0,"20":0,"21":0,"22":0,"23":0,"24":0,"25":0,"26":0,"27":0,"28":0,"29":0,"30":0,"31":0,"32":0,"33":0,"34":0,"35":0,"36":0,"37":0,"38":0,"39":0,"40":0,"41":0,"42":0,"43":0,"44":0,"45":0,"46":0,"47":0,"48":0,"49":0,"50":0,"51":0,"52":0,"53":0,"54":0,"55":0,"56":0,"57":0,"58":0,"59":0,"60":0,"61":0,"62":0,"63":0,"64":0,"65":0,"66":0,"67":0,"68":0,"69":0,"70":0,"71":0,"72":0,"73":0,"74":0,"75":0,"76":0,"77":0,"78":0,"79":0,"80":0,"81":0,"82":0,"83":0,"84":0,"85":0,"86":0,"87":0,"88":0,"89":0,"90":0,"91":0,"92":0,"93":0,"94":0,"95":0,"96":0,"97":0,"98":0,"99":0,"100":0,"101":0,"102":0,"103":0,"104":0,"105":0,"106":0,"107":0,"108":0,"109":0,"110":0,"111":0,"112":0,"113":0,"114":0,"115":0,"116":0,"117":0,"118":0,"119":0,"120":0,"121":0,"122":0,"123":0,"124":0,"125":0,"126":0,"127":0,"128":0,"129":0,"130":0,"131":0,"132":0,"133":0,"134":0,"135":0,"136":0,"137":0,"138":0,"139":0,"140":0,"141":0,"142":0,"143":0,"144":0,"145":0,"146":0,"147":0,"148":0,"149":0,"150":0,"151":0,"152":0,"153":0,"154":0,"155":0,"156":0,"157":0,"158":0,"159":0,"160":0,"161":0,"162":0,"163":0,"164":0,"165":0},"f":{"0":0,"1":0,"2":0,"3":0,"4":0,"5":0,"6":0,"7":0,"8":0,"9":0,"10":0,"11":0,"12":0,"13":0,"14":0,"15":0,"16":0,"17":0,"18":0,"19":0,"20":0,"21":0,"22":0,"23":0,"24":0,"25":0,"26":0,"27":0,"28":0,"29":0,"30":0,"31":0,"32":0,"33":0,"34":0,"35":0,"36":0,"37":0,"38":0,"39":0,"40":0,"41":0,"42":0,"43":0,"44":0,"45":0,"46":0,"47":0,"48":0,"49":0,"50":0},"b":{"0":[0,0],"1":[0,0],"2":[0,0],"3":[0],"4":[0,0],"5":[0,0],"6":[0,0],"7":[0,0],"8":[0,0,0,0,0],"9":[0,0],"10":[0,0],"11":[0,0],"12":[0],"13":[0,0],"14":[0,0],"15":[0,0],"16":[0,0],"17":[0,0],"18":[0,0],"19":[0,0,0,0],"20":[0,0],"21":[0,0],"22":[0,0],"23":[0,0,0],"24":[0,0],"25":[0,0],"26":[0,0],"27":[0,0,0],"28":[0,0],"29":[0,0],"30":[0,0,0],"31":[0,0],"32":[0,0,0],"33":[0,0],"34":[0,0],"35":[0,0],"36":[0,0,0],"37":[0,0],"38":[0,0],"39":[0,0],"40":[0,0],"41":[0,0]}}
,"/Users/noahlee/Documents/PFMobileAppV3/app/(tabs)/relationships.tsx": {"path":"/Users/noahlee/Documents/PFMobileAppV3/app/(tabs)/relationships.tsx","statementMap":{"0":{"start":{"line":45,"column":33},"end":{"line":96,"column":1}},"1":{"start":{"line":99,"column":49},"end":{"line":148,"column":1}},"2":{"start":{"line":151,"column":33},"end":{"line":155,"column":1}},"3":{"start":{"line":152,"column":15},"end":{"line":152,"column":75}},"4":{"start":{"line":153,"column":18},"end":{"line":153,"column":39}},"5":{"start":{"line":154,"column":2},"end":{"line":154,"column":44}},"6":{"start":{"line":158,"column":25},"end":{"line":160,"column":1}},"7":{"start":{"line":159,"column":2},"end":{"line":159,"column":75}},"8":{"start":{"line":162,"column":32},"end":{"line":824,"column":1}},"9":{"start":{"line":163,"column":21},"end":{"line":163,"column":66}},"10":{"start":{"line":164,"column":34},"end":{"line":164,"column":55}},"11":{"start":{"line":165,"column":60},"end":{"line":165,"column":81}},"12":{"start":{"line":166,"column":50},"end":{"line":166,"column":74}},"13":{"start":{"line":167,"column":54},"end":{"line":167,"column":78}},"14":{"start":{"line":168,"column":54},"end":{"line":168,"column":78}},"15":{"start":{"line":169,"column":60},"end":{"line":169,"column":84}},"16":{"start":{"line":170,"column":52},"end":{"line":170,"column":76}},"17":{"start":{"line":171,"column":44},"end":{"line":171,"column":72}},"18":{"start":{"line":172,"column":42},"end":{"line":172,"column":68}},"19":{"start":{"line":173,"column":50},"end":{"line":173,"column":74}},"20":{"start":{"line":174,"column":50},"end":{"line":174,"column":70}},"21":{"start":{"line":175,"column":50},"end":{"line":175,"column":70}},"22":{"start":{"line":176,"column":64},"end":{"line":176,"column":84}},"23":{"start":{"line":177,"column":50},"end":{"line":177,"column":77}},"24":{"start":{"line":178,"column":44},"end":{"line":178,"column":64}},"25":{"start":{"line":180,"column":2},"end":{"line":195,"column":15}},"26":{"start":{"line":182,"column":19},"end":{"line":182,"column":31}},"27":{"start":{"line":183,"column":52},"end":{"line":183,"column":68}},"28":{"start":{"line":187,"column":30},"end":{"line":187,"column":79}},"29":{"start":{"line":189,"column":4},"end":{"line":189,"column":44}},"30":{"start":{"line":192,"column":25},"end":{"line":192,"column":74}},"31":{"start":{"line":192,"column":65},"end":{"line":192,"column":73}},"32":{"start":{"line":193,"column":33},"end":{"line":193,"column":98}},"33":{"start":{"line":193,"column":65},"end":{"line":193,"column":97}},"34":{"start":{"line":194,"column":4},"end":{"line":194,"column":51}},"35":{"start":{"line":197,"column":33},"end":{"line":212,"column":3}},"36":{"start":{"line":205,"column":4},"end":{"line":205,"column":47}},"37":{"start":{"line":206,"column":4},"end":{"line":206,"column":31}},"38":{"start":{"line":207,"column":4},"end":{"line":207,"column":28}},"39":{"start":{"line":208,"column":4},"end":{"line":208,"column":30}},"40":{"start":{"line":214,"column":35},"end":{"line":254,"column":3}},"41":{"start":{"line":216,"column":4},"end":{"line":219,"column":5}},"42":{"start":{"line":217,"column":6},"end":{"line":217,"column":48}},"43":{"start":{"line":218,"column":6},"end":{"line":218,"column":13}},"44":{"start":{"line":222,"column":28},"end":{"line":232,"column":5}},"45":{"start":{"line":235,"column":4},"end":{"line":235,"column":41}},"46":{"start":{"line":238,"column":4},"end":{"line":242,"column":5}},"47":{"start":{"line":239,"column":6},"end":{"line":239,"column":37}},"48":{"start":{"line":241,"column":6},"end":{"line":241,"column":88}},"49":{"start":{"line":241,"column":65},"end":{"line":241,"column":85}},"50":{"start":{"line":248,"column":4},"end":{"line":248,"column":48}},"51":{"start":{"line":249,"column":4},"end":{"line":249,"column":33}},"52":{"start":{"line":250,"column":4},"end":{"line":250,"column":28}},"53":{"start":{"line":251,"column":4},"end":{"line":251,"column":35}},"54":{"start":{"line":252,"column":4},"end":{"line":252,"column":35}},"55":{"start":{"line":253,"column":4},"end":{"line":253,"column":30}},"56":{"start":{"line":256,"column":27},"end":{"line":265,"column":3}},"57":{"start":{"line":257,"column":4},"end":{"line":257,"column":28}},"58":{"start":{"line":260,"column":4},"end":{"line":264,"column":5}},"59":{"start":{"line":261,"column":6},"end":{"line":261,"column":33}},"60":{"start":{"line":263,"column":6},"end":{"line":263,"column":37}},"61":{"start":{"line":267,"column":26},"end":{"line":292,"column":3}},"62":{"start":{"line":268,"column":4},"end":{"line":271,"column":5}},"63":{"start":{"line":269,"column":6},"end":{"line":269,"column":72}},"64":{"start":{"line":270,"column":6},"end":{"line":270,"column":13}},"65":{"start":{"line":274,"column":28},"end":{"line":274,"column":65}},"66":{"start":{"line":274,"column":47},"end":{"line":274,"column":64}},"67":{"start":{"line":276,"column":4},"end":{"line":279,"column":5}},"68":{"start":{"line":277,"column":6},"end":{"line":277,"column":54}},"69":{"start":{"line":278,"column":6},"end":{"line":278,"column":13}},"70":{"start":{"line":285,"column":4},"end":{"line":285,"column":38}},"71":{"start":{"line":288,"column":4},"end":{"line":288,"column":83}},"72":{"start":{"line":288,"column":63},"end":{"line":288,"column":80}},"73":{"start":{"line":290,"column":4},"end":{"line":290,"column":58}},"74":{"start":{"line":291,"column":4},"end":{"line":291,"column":36}},"75":{"start":{"line":294,"column":27},"end":{"line":313,"column":3}},"76":{"start":{"line":299,"column":28},"end":{"line":299,"column":67}},"77":{"start":{"line":299,"column":49},"end":{"line":299,"column":66}},"78":{"start":{"line":300,"column":4},"end":{"line":300,"column":33}},"79":{"start":{"line":303,"column":4},"end":{"line":309,"column":5}},"80":{"start":{"line":305,"column":28},"end":{"line":305,"column":72}},"81":{"start":{"line":305,"column":54},"end":{"line":305,"column":71}},"82":{"start":{"line":306,"column":6},"end":{"line":308,"column":7}},"83":{"start":{"line":307,"column":8},"end":{"line":307,"column":76}},"84":{"start":{"line":311,"column":4},"end":{"line":311,"column":43}},"85":{"start":{"line":312,"column":4},"end":{"line":312,"column":36}},"86":{"start":{"line":315,"column":28},"end":{"line":325,"column":3}},"87":{"start":{"line":320,"column":28},"end":{"line":320,"column":67}},"88":{"start":{"line":320,"column":49},"end":{"line":320,"column":66}},"89":{"start":{"line":321,"column":4},"end":{"line":321,"column":33}},"90":{"start":{"line":323,"column":4},"end":{"line":323,"column":52}},"91":{"start":{"line":324,"column":4},"end":{"line":324,"column":32}},"92":{"start":{"line":327,"column":27},"end":{"line":337,"column":3}},"93":{"start":{"line":328,"column":4},"end":{"line":336,"column":23}},"94":{"start":{"line":331,"column":8},"end":{"line":331,"column":30}},"95":{"start":{"line":332,"column":8},"end":{"line":332,"column":35}},"96":{"start":{"line":339,"column":27},"end":{"line":356,"column":3}},"97":{"start":{"line":340,"column":4},"end":{"line":355,"column":23}},"98":{"start":{"line":345,"column":21},"end":{"line":345,"column":46}},"99":{"start":{"line":358,"column":2},"end":{"line":823,"column":4}},"100":{"start":{"line":382,"column":14},"end":{"line":402,"column":33}},"101":{"start":{"line":385,"column":31},"end":{"line":385,"column":53}},"102":{"start":{"line":421,"column":14},"end":{"line":433,"column":33}},"103":{"start":{"line":424,"column":31},"end":{"line":424,"column":53}},"104":{"start":{"line":442,"column":25},"end":{"line":442,"column":50}},"105":{"start":{"line":449,"column":25},"end":{"line":449,"column":52}},"106":{"start":{"line":460,"column":30},"end":{"line":460,"column":56}},"107":{"start":{"line":481,"column":29},"end":{"line":481,"column":67}},"108":{"start":{"line":504,"column":29},"end":{"line":504,"column":55}},"109":{"start":{"line":517,"column":30},"end":{"line":517,"column":58}},"110":{"start":{"line":550,"column":29},"end":{"line":550,"column":67}},"111":{"start":{"line":573,"column":29},"end":{"line":573,"column":57}},"112":{"start":{"line":586,"column":30},"end":{"line":586,"column":58}},"113":{"start":{"line":611,"column":29},"end":{"line":611,"column":67}},"114":{"start":{"line":627,"column":29},"end":{"line":627,"column":57}},"115":{"start":{"line":634,"column":29},"end":{"line":634,"column":57}},"116":{"start":{"line":646,"column":30},"end":{"line":646,"column":61}},"117":{"start":{"line":693,"column":38},"end":{"line":693,"column":63}},"118":{"start":{"line":696,"column":35},"end":{"line":696,"column":65}},"119":{"start":{"line":703,"column":36},"end":{"line":703,"column":61}},"120":{"start":{"line":706,"column":35},"end":{"line":706,"column":66}},"121":{"start":{"line":714,"column":33},"end":{"line":714,"column":64}},"122":{"start":{"line":729,"column":30},"end":{"line":729,"column":57}},"123":{"start":{"line":778,"column":22},"end":{"line":778,"column":50}},"124":{"start":{"line":779,"column":22},"end":{"line":779,"column":50}},"125":{"start":{"line":788,"column":35},"end":{"line":788,"column":86}},"126":{"start":{"line":796,"column":35},"end":{"line":796,"column":90}},"127":{"start":{"line":804,"column":35},"end":{"line":804,"column":67}},"128":{"start":{"line":813,"column":33},"end":{"line":813,"column":60}},"129":{"start":{"line":826,"column":15},"end":{"line":1159,"column":2}}},"fnMap":{"0":{"name":"(anonymous_0)","decl":{"start":{"line":151,"column":33},"end":{"line":151,"column":34}},"loc":{"start":{"line":151,"column":47},"end":{"line":155,"column":1}},"line":151},"1":{"name":"(anonymous_1)","decl":{"start":{"line":158,"column":25},"end":{"line":158,"column":26}},"loc":{"start":{"line":158,"column":39},"end":{"line":160,"column":1}},"line":158},"2":{"name":"(anonymous_2)","decl":{"start":{"line":162,"column":32},"end":{"line":162,"column":33}},"loc":{"start":{"line":162,"column":38},"end":{"line":824,"column":1}},"line":162},"3":{"name":"(anonymous_3)","decl":{"start":{"line":180,"column":12},"end":{"line":180,"column":13}},"loc":{"start":{"line":180,"column":18},"end":{"line":195,"column":3}},"line":180},"4":{"name":"(anonymous_4)","decl":{"start":{"line":192,"column":56},"end":{"line":192,"column":57}},"loc":{"start":{"line":192,"column":65},"end":{"line":192,"column":73}},"line":192},"5":{"name":"(anonymous_5)","decl":{"start":{"line":193,"column":56},"end":{"line":193,"column":57}},"loc":{"start":{"line":193,"column":65},"end":{"line":193,"column":97}},"line":193},"6":{"name":"(anonymous_6)","decl":{"start":{"line":197,"column":33},"end":{"line":197,"column":34}},"loc":{"start":{"line":197,"column":45},"end":{"line":212,"column":3}},"line":197},"7":{"name":"(anonymous_7)","decl":{"start":{"line":214,"column":35},"end":{"line":214,"column":36}},"loc":{"start":{"line":214,"column":47},"end":{"line":254,"column":3}},"line":214},"8":{"name":"(anonymous_8)","decl":{"start":{"line":241,"column":60},"end":{"line":241,"column":61}},"loc":{"start":{"line":241,"column":65},"end":{"line":241,"column":85}},"line":241},"9":{"name":"(anonymous_9)","decl":{"start":{"line":256,"column":27},"end":{"line":256,"column":28}},"loc":{"start":{"line":256,"column":51},"end":{"line":265,"column":3}},"line":256},"10":{"name":"(anonymous_10)","decl":{"start":{"line":267,"column":26},"end":{"line":267,"column":27}},"loc":{"start":{"line":267,"column":50},"end":{"line":292,"column":3}},"line":267},"11":{"name":"(anonymous_11)","decl":{"start":{"line":274,"column":42},"end":{"line":274,"column":43}},"loc":{"start":{"line":274,"column":47},"end":{"line":274,"column":64}},"line":274},"12":{"name":"(anonymous_12)","decl":{"start":{"line":288,"column":58},"end":{"line":288,"column":59}},"loc":{"start":{"line":288,"column":63},"end":{"line":288,"column":80}},"line":288},"13":{"name":"(anonymous_13)","decl":{"start":{"line":294,"column":27},"end":{"line":294,"column":28}},"loc":{"start":{"line":294,"column":51},"end":{"line":313,"column":3}},"line":294},"14":{"name":"(anonymous_14)","decl":{"start":{"line":299,"column":44},"end":{"line":299,"column":45}},"loc":{"start":{"line":299,"column":49},"end":{"line":299,"column":66}},"line":299},"15":{"name":"(anonymous_15)","decl":{"start":{"line":305,"column":49},"end":{"line":305,"column":50}},"loc":{"start":{"line":305,"column":54},"end":{"line":305,"column":71}},"line":305},"16":{"name":"(anonymous_16)","decl":{"start":{"line":315,"column":28},"end":{"line":315,"column":29}},"loc":{"start":{"line":315,"column":52},"end":{"line":325,"column":3}},"line":315},"17":{"name":"(anonymous_17)","decl":{"start":{"line":320,"column":44},"end":{"line":320,"column":45}},"loc":{"start":{"line":320,"column":49},"end":{"line":320,"column":66}},"line":320},"18":{"name":"(anonymous_18)","decl":{"start":{"line":327,"column":27},"end":{"line":327,"column":28}},"loc":{"start":{"line":328,"column":4},"end":{"line":336,"column":23}},"line":328},"19":{"name":"(anonymous_19)","decl":{"start":{"line":330,"column":15},"end":{"line":330,"column":16}},"loc":{"start":{"line":330,"column":21},"end":{"line":333,"column":7}},"line":330},"20":{"name":"(anonymous_20)","decl":{"start":{"line":339,"column":27},"end":{"line":339,"column":28}},"loc":{"start":{"line":340,"column":4},"end":{"line":355,"column":23}},"line":340},"21":{"name":"(anonymous_21)","decl":{"start":{"line":345,"column":15},"end":{"line":345,"column":16}},"loc":{"start":{"line":345,"column":21},"end":{"line":345,"column":46}},"line":345},"22":{"name":"(anonymous_22)","decl":{"start":{"line":381,"column":25},"end":{"line":381,"column":26}},"loc":{"start":{"line":382,"column":14},"end":{"line":402,"column":33}},"line":382},"23":{"name":"(anonymous_23)","decl":{"start":{"line":385,"column":25},"end":{"line":385,"column":26}},"loc":{"start":{"line":385,"column":31},"end":{"line":385,"column":53}},"line":385},"24":{"name":"(anonymous_24)","decl":{"start":{"line":420,"column":38},"end":{"line":420,"column":39}},"loc":{"start":{"line":421,"column":14},"end":{"line":433,"column":33}},"line":421},"25":{"name":"(anonymous_25)","decl":{"start":{"line":424,"column":25},"end":{"line":424,"column":26}},"loc":{"start":{"line":424,"column":31},"end":{"line":424,"column":53}},"line":424},"26":{"name":"(anonymous_26)","decl":{"start":{"line":442,"column":19},"end":{"line":442,"column":20}},"loc":{"start":{"line":442,"column":25},"end":{"line":442,"column":50}},"line":442},"27":{"name":"(anonymous_27)","decl":{"start":{"line":449,"column":19},"end":{"line":449,"column":20}},"loc":{"start":{"line":449,"column":25},"end":{"line":449,"column":52}},"line":449},"28":{"name":"(anonymous_28)","decl":{"start":{"line":460,"column":24},"end":{"line":460,"column":25}},"loc":{"start":{"line":460,"column":30},"end":{"line":460,"column":56}},"line":460},"29":{"name":"(anonymous_29)","decl":{"start":{"line":481,"column":23},"end":{"line":481,"column":24}},"loc":{"start":{"line":481,"column":29},"end":{"line":481,"column":67}},"line":481},"30":{"name":"(anonymous_30)","decl":{"start":{"line":504,"column":23},"end":{"line":504,"column":24}},"loc":{"start":{"line":504,"column":29},"end":{"line":504,"column":55}},"line":504},"31":{"name":"(anonymous_31)","decl":{"start":{"line":517,"column":24},"end":{"line":517,"column":25}},"loc":{"start":{"line":517,"column":30},"end":{"line":517,"column":58}},"line":517},"32":{"name":"(anonymous_32)","decl":{"start":{"line":550,"column":23},"end":{"line":550,"column":24}},"loc":{"start":{"line":550,"column":29},"end":{"line":550,"column":67}},"line":550},"33":{"name":"(anonymous_33)","decl":{"start":{"line":573,"column":23},"end":{"line":573,"column":24}},"loc":{"start":{"line":573,"column":29},"end":{"line":573,"column":57}},"line":573},"34":{"name":"(anonymous_34)","decl":{"start":{"line":586,"column":24},"end":{"line":586,"column":25}},"loc":{"start":{"line":586,"column":30},"end":{"line":586,"column":58}},"line":586},"35":{"name":"(anonymous_35)","decl":{"start":{"line":611,"column":23},"end":{"line":611,"column":24}},"loc":{"start":{"line":611,"column":29},"end":{"line":611,"column":67}},"line":611},"36":{"name":"(anonymous_36)","decl":{"start":{"line":627,"column":23},"end":{"line":627,"column":24}},"loc":{"start":{"line":627,"column":29},"end":{"line":627,"column":57}},"line":627},"37":{"name":"(anonymous_37)","decl":{"start":{"line":634,"column":23},"end":{"line":634,"column":24}},"loc":{"start":{"line":634,"column":29},"end":{"line":634,"column":57}},"line":634},"38":{"name":"(anonymous_38)","decl":{"start":{"line":646,"column":24},"end":{"line":646,"column":25}},"loc":{"start":{"line":646,"column":30},"end":{"line":646,"column":61}},"line":646},"39":{"name":"(anonymous_39)","decl":{"start":{"line":693,"column":33},"end":{"line":693,"column":34}},"loc":{"start":{"line":693,"column":38},"end":{"line":693,"column":63}},"line":693},"40":{"name":"(anonymous_40)","decl":{"start":{"line":696,"column":29},"end":{"line":696,"column":30}},"loc":{"start":{"line":696,"column":35},"end":{"line":696,"column":65}},"line":696},"41":{"name":"(anonymous_41)","decl":{"start":{"line":703,"column":31},"end":{"line":703,"column":32}},"loc":{"start":{"line":703,"column":36},"end":{"line":703,"column":61}},"line":703},"42":{"name":"(anonymous_42)","decl":{"start":{"line":706,"column":29},"end":{"line":706,"column":30}},"loc":{"start":{"line":706,"column":35},"end":{"line":706,"column":66}},"line":706},"43":{"name":"(anonymous_43)","decl":{"start":{"line":714,"column":27},"end":{"line":714,"column":28}},"loc":{"start":{"line":714,"column":33},"end":{"line":714,"column":64}},"line":714},"44":{"name":"(anonymous_44)","decl":{"start":{"line":729,"column":24},"end":{"line":729,"column":25}},"loc":{"start":{"line":729,"column":30},"end":{"line":729,"column":57}},"line":729},"45":{"name":"(anonymous_45)","decl":{"start":{"line":777,"column":29},"end":{"line":777,"column":30}},"loc":{"start":{"line":777,"column":35},"end":{"line":780,"column":21}},"line":777},"46":{"name":"(anonymous_46)","decl":{"start":{"line":788,"column":29},"end":{"line":788,"column":30}},"loc":{"start":{"line":788,"column":35},"end":{"line":788,"column":86}},"line":788},"47":{"name":"(anonymous_47)","decl":{"start":{"line":796,"column":29},"end":{"line":796,"column":30}},"loc":{"start":{"line":796,"column":35},"end":{"line":796,"column":90}},"line":796},"48":{"name":"(anonymous_48)","decl":{"start":{"line":804,"column":29},"end":{"line":804,"column":30}},"loc":{"start":{"line":804,"column":35},"end":{"line":804,"column":67}},"line":804},"49":{"name":"(anonymous_49)","decl":{"start":{"line":813,"column":27},"end":{"line":813,"column":28}},"loc":{"start":{"line":813,"column":33},"end":{"line":813,"column":60}},"line":813}},"branchMap":{"0":{"loc":{"start":{"line":154,"column":9},"end":{"line":154,"column":43}},"type":"cond-expr","locations":[{"start":{"line":154,"column":19},"end":{"line":154,"column":36}},{"start":{"line":154,"column":39},"end":{"line":154,"column":43}}],"line":154},"1":{"loc":{"start":{"line":182,"column":19},"end":{"line":182,"column":31}},"type":"binary-expr","locations":[{"start":{"line":182,"column":19},"end":{"line":182,"column":25}},{"start":{"line":182,"column":29},"end":{"line":182,"column":31}}],"line":182},"2":{"loc":{"start":{"line":187,"column":30},"end":{"line":187,"column":79}},"type":"binary-expr","locations":[{"start":{"line":187,"column":30},"end":{"line":187,"column":55}},{"start":{"line":187,"column":59},"end":{"line":187,"column":79}}],"line":187},"3":{"loc":{"start":{"line":216,"column":4},"end":{"line":219,"column":5}},"type":"if","locations":[{"start":{"line":216,"column":4},"end":{"line":219,"column":5}},{"start":{},"end":{}}],"line":216},"4":{"loc":{"start":{"line":226,"column":12},"end":{"line":226,"column":63}},"type":"cond-expr","locations":[{"start":{"line":226,"column":45},"end":{"line":226,"column":52}},{"start":{"line":226,"column":55},"end":{"line":226,"column":63}}],"line":226},"5":{"loc":{"start":{"line":227,"column":19},"end":{"line":227,"column":102}},"type":"binary-expr","locations":[{"start":{"line":227,"column":19},"end":{"line":227,"column":42}},{"start":{"line":227,"column":46},"end":{"line":227,"column":102}}],"line":227},"6":{"loc":{"start":{"line":238,"column":4},"end":{"line":242,"column":5}},"type":"if","locations":[{"start":{"line":238,"column":4},"end":{"line":242,"column":5}},{"start":{},"end":{}}],"line":238},"7":{"loc":{"start":{"line":260,"column":4},"end":{"line":264,"column":5}},"type":"if","locations":[{"start":{"line":260,"column":4},"end":{"line":264,"column":5}},{"start":{"line":262,"column":11},"end":{"line":264,"column":5}}],"line":260},"8":{"loc":{"start":{"line":268,"column":4},"end":{"line":271,"column":5}},"type":"if","locations":[{"start":{"line":268,"column":4},"end":{"line":271,"column":5}},{"start":{},"end":{}}],"line":268},"9":{"loc":{"start":{"line":276,"column":4},"end":{"line":279,"column":5}},"type":"if","locations":[{"start":{"line":276,"column":4},"end":{"line":279,"column":5}},{"start":{},"end":{}}],"line":276},"10":{"loc":{"start":{"line":303,"column":4},"end":{"line":309,"column":5}},"type":"if","locations":[{"start":{"line":303,"column":4},"end":{"line":309,"column":5}},{"start":{},"end":{}}],"line":303},"11":{"loc":{"start":{"line":306,"column":6},"end":{"line":308,"column":7}},"type":"if","locations":[{"start":{"line":306,"column":6},"end":{"line":308,"column":7}},{"start":{},"end":{}}],"line":306},"12":{"loc":{"start":{"line":343,"column":8},"end":{"line":343,"column":66}},"type":"cond-expr","locations":[{"start":{"line":343,"column":36},"end":{"line":343,"column":61}},{"start":{"line":343,"column":64},"end":{"line":343,"column":66}}],"line":343},"13":{"loc":{"start":{"line":348,"column":14},"end":{"line":348,"column":52}},"type":"cond-expr","locations":[{"start":{"line":348,"column":35},"end":{"line":348,"column":41}},{"start":{"line":348,"column":44},"end":{"line":348,"column":52}}],"line":348},"14":{"loc":{"start":{"line":350,"column":15},"end":{"line":350,"column":59}},"type":"cond-expr","locations":[{"start":{"line":350,"column":43},"end":{"line":350,"column":50}},{"start":{"line":350,"column":53},"end":{"line":350,"column":59}}],"line":350},"15":{"loc":{"start":{"line":352,"column":19},"end":{"line":352,"column":88}},"type":"cond-expr","locations":[{"start":{"line":352,"column":47},"end":{"line":352,"column":70}},{"start":{"line":352,"column":73},"end":{"line":352,"column":88}}],"line":352},"16":{"loc":{"start":{"line":353,"column":9},"end":{"line":353,"column":50}},"type":"cond-expr","locations":[{"start":{"line":353,"column":30},"end":{"line":353,"column":39}},{"start":{"line":353,"column":42},"end":{"line":353,"column":50}}],"line":353},"17":{"loc":{"start":{"line":375,"column":11},"end":{"line":404,"column":11}},"type":"cond-expr","locations":[{"start":{"line":376,"column":12},"end":{"line":379,"column":14}},{"start":{"line":381,"column":12},"end":{"line":403,"column":14}}],"line":375},"18":{"loc":{"start":{"line":389,"column":17},"end":{"line":391,"column":17}},"type":"binary-expr","locations":[{"start":{"line":389,"column":17},"end":{"line":389,"column":33}},{"start":{"line":390,"column":18},"end":{"line":390,"column":95}}],"line":389},"19":{"loc":{"start":{"line":392,"column":17},"end":{"line":396,"column":17}},"type":"binary-expr","locations":[{"start":{"line":392,"column":17},"end":{"line":392,"column":39}},{"start":{"line":392,"column":43},"end":{"line":392,"column":60}},{"start":{"line":393,"column":18},"end":{"line":395,"column":25}}],"line":392},"20":{"loc":{"start":{"line":397,"column":17},"end":{"line":401,"column":17}},"type":"binary-expr","locations":[{"start":{"line":397,"column":17},"end":{"line":397,"column":40}},{"start":{"line":397,"column":44},"end":{"line":397,"column":61}},{"start":{"line":398,"column":18},"end":{"line":400,"column":25}}],"line":397},"21":{"loc":{"start":{"line":414,"column":11},"end":{"line":435,"column":11}},"type":"cond-expr","locations":[{"start":{"line":415,"column":12},"end":{"line":418,"column":14}},{"start":{"line":420,"column":12},"end":{"line":434,"column":14}}],"line":414},"22":{"loc":{"start":{"line":428,"column":17},"end":{"line":432,"column":17}},"type":"binary-expr","locations":[{"start":{"line":428,"column":17},"end":{"line":428,"column":30}},{"start":{"line":429,"column":18},"end":{"line":431,"column":25}}],"line":428},"23":{"loc":{"start":{"line":487,"column":13},"end":{"line":493,"column":13}},"type":"binary-expr","locations":[{"start":{"line":487,"column":13},"end":{"line":487,"column":29}},{"start":{"line":488,"column":14},"end":{"line":492,"column":21}}],"line":487},"24":{"loc":{"start":{"line":556,"column":13},"end":{"line":562,"column":13}},"type":"binary-expr","locations":[{"start":{"line":556,"column":13},"end":{"line":556,"column":29}},{"start":{"line":557,"column":14},"end":{"line":561,"column":21}}],"line":556},"25":{"loc":{"start":{"line":617,"column":13},"end":{"line":623,"column":13}},"type":"binary-expr","locations":[{"start":{"line":617,"column":13},"end":{"line":617,"column":29}},{"start":{"line":618,"column":14},"end":{"line":622,"column":21}}],"line":617},"26":{"loc":{"start":{"line":650,"column":13},"end":{"line":719,"column":13}},"type":"binary-expr","locations":[{"start":{"line":650,"column":13},"end":{"line":650,"column":26}},{"start":{"line":651,"column":14},"end":{"line":718,"column":17}}],"line":650},"27":{"loc":{"start":{"line":665,"column":21},"end":{"line":665,"column":87}},"type":"cond-expr","locations":[{"start":{"line":665,"column":55},"end":{"line":665,"column":69}},{"start":{"line":665,"column":72},"end":{"line":665,"column":87}}],"line":665},"28":{"loc":{"start":{"line":679,"column":17},"end":{"line":684,"column":17}},"type":"binary-expr","locations":[{"start":{"line":679,"column":17},"end":{"line":679,"column":39}},{"start":{"line":680,"column":18},"end":{"line":683,"column":25}}],"line":679},"29":{"loc":{"start":{"line":692,"column":17},"end":{"line":700,"column":17}},"type":"binary-expr","locations":[{"start":{"line":692,"column":17},"end":{"line":692,"column":48}},{"start":{"line":693,"column":18},"end":{"line":693,"column":64}},{"start":{"line":694,"column":18},"end":{"line":699,"column":37}}],"line":692},"30":{"loc":{"start":{"line":703,"column":17},"end":{"line":710,"column":17}},"type":"binary-expr","locations":[{"start":{"line":703,"column":17},"end":{"line":703,"column":62}},{"start":{"line":703,"column":66},"end":{"line":703,"column":92}},{"start":{"line":704,"column":18},"end":{"line":709,"column":37}}],"line":703},"31":{"loc":{"start":{"line":733,"column":13},"end":{"line":818,"column":13}},"type":"binary-expr","locations":[{"start":{"line":733,"column":13},"end":{"line":733,"column":26}},{"start":{"line":734,"column":14},"end":{"line":817,"column":17}}],"line":733},"32":{"loc":{"start":{"line":751,"column":21},"end":{"line":751,"column":87}},"type":"cond-expr","locations":[{"start":{"line":751,"column":55},"end":{"line":751,"column":69}},{"start":{"line":751,"column":72},"end":{"line":751,"column":87}}],"line":751},"33":{"loc":{"start":{"line":760,"column":17},"end":{"line":765,"column":17}},"type":"binary-expr","locations":[{"start":{"line":760,"column":17},"end":{"line":760,"column":39}},{"start":{"line":761,"column":18},"end":{"line":764,"column":25}}],"line":760}},"s":{"0":0,"1":0,"2":0,"3":0,"4":0,"5":0,"6":0,"7":0,"8":0,"9":0,"10":0,"11":0,"12":0,"13":0,"14":0,"15":0,"16":0,"17":0,"18":0,"19":0,"20":0,"21":0,"22":0,"23":0,"24":0,"25":0,"26":0,"27":0,"28":0,"29":0,"30":0,"31":0,"32":0,"33":0,"34":0,"35":0,"36":0,"37":0,"38":0,"39":0,"40":0,"41":0,"42":0,"43":0,"44":0,"45":0,"46":0,"47":0,"48":0,"49":0,"50":0,"51":0,"52":0,"53":0,"54":0,"55":0,"56":0,"57":0,"58":0,"59":0,"60":0,"61":0,"62":0,"63":0,"64":0,"65":0,"66":0,"67":0,"68":0,"69":0,"70":0,"71":0,"72":0,"73":0,"74":0,"75":0,"76":0,"77":0,"78":0,"79":0,"80":0,"81":0,"82":0,"83":0,"84":0,"85":0,"86":0,"87":0,"88":0,"89":0,"90":0,"91":0,"92":0,"93":0,"94":0,"95":0,"96":0,"97":0,"98":0,"99":0,"100":0,"101":0,"102":0,"103":0,"104":0,"105":0,"106":0,"107":0,"108":0,"109":0,"110":0,"111":0,"112":0,"113":0,"114":0,"115":0,"116":0,"117":0,"118":0,"119":0,"120":0,"121":0,"122":0,"123":0,"124":0,"125":0,"126":0,"127":0,"128":0,"129":0},"f":{"0":0,"1":0,"2":0,"3":0,"4":0,"5":0,"6":0,"7":0,"8":0,"9":0,"10":0,"11":0,"12":0,"13":0,"14":0,"15":0,"16":0,"17":0,"18":0,"19":0,"20":0,"21":0,"22":0,"23":0,"24":0,"25":0,"26":0,"27":0,"28":0,"29":0,"30":0,"31":0,"32":0,"33":0,"34":0,"35":0,"36":0,"37":0,"38":0,"39":0,"40":0,"41":0,"42":0,"43":0,"44":0,"45":0,"46":0,"47":0,"48":0,"49":0},"b":{"0":[0,0],"1":[0,0],"2":[0,0],"3":[0,0],"4":[0,0],"5":[0,0],"6":[0,0],"7":[0,0],"8":[0,0],"9":[0,0],"10":[0,0],"11":[0,0],"12":[0,0],"13":[0,0],"14":[0,0],"15":[0,0],"16":[0,0],"17":[0,0],"18":[0,0],"19":[0,0,0],"20":[0,0,0],"21":[0,0],"22":[0,0],"23":[0,0],"24":[0,0],"25":[0,0],"26":[0,0],"27":[0,0],"28":[0,0],"29":[0,0,0],"30":[0,0,0],"31":[0,0],"32":[0,0],"33":[0,0]}}
}
