TN:
SF:app/Home2.tsx
FN:7,Home
FN:15,(anonymous_1)
FN:16,(anonymous_2)
FN:37,(anonymous_3)
FNF:4
FNH:0
FNDA:0,Home
FNDA:0,(anonymous_1)
FNDA:0,(anonymous_2)
FNDA:0,(anonymous_3)
DA:8,0
DA:9,0
DA:11,0
DA:12,0
DA:15,0
DA:16,0
DA:17,0
DA:18,0
DA:19,0
DA:27,0
DA:29,0
DA:33,0
DA:37,0
DA:38,0
DA:39,0
DA:43,0
DA:44,0
DA:52,0
DA:53,0
DA:61,0
LF:20
LH:0
BRDA:38,0,0,0
BRDA:38,0,1,0
BRDA:38,1,0,0
BRDA:38,1,1,0
BRDA:43,2,0,0
BRDA:43,2,1,0
BRDA:52,3,0,0
BRDA:52,3,1,0
BRF:8
BRH:0
end_of_record
TN:
SF:app/_layout.tsx
FN:4,Layout
FNF:1
FNH:0
FNDA:0,Layout
DA:5,0
LF:1
LH:0
BRF:0
BRH:0
end_of_record
TN:
SF:app/index.ts
FNF:0
FNH:0
LF:0
LH:0
BRF:0
BRH:0
end_of_record
TN:
SF:app/index.tsx
FN:52,(anonymous_0)
FN:72,SignOutButton
FN:77,App
FN:91,(anonymous_3)
FN:101,(anonymous_4)
FNF:5
FNH:0
FNDA:0,(anonymous_0)
FNDA:0,SignOutButton
FNDA:0,App
FNDA:0,(anonymous_3)
FNDA:0,(anonymous_4)
DA:16,0
DA:18,0
DA:52,0
DA:53,0
DA:55,0
DA:59,0
DA:61,0
DA:73,0
DA:74,0
DA:78,0
DA:80,0
DA:84,0
DA:86,0
DA:92,0
DA:102,0
DA:116,0
LF:16
LH:0
BRDA:55,0,0,0
BRDA:55,0,1,0
BRDA:80,1,0,0
BRDA:80,1,1,0
BRF:4
BRH:0
end_of_record
TN:
SF:app/(tabs)/Home.tsx
FN:17,(anonymous_0)
FN:23,(anonymous_1)
FN:24,(anonymous_2)
FN:43,(anonymous_3)
FN:54,(anonymous_4)
FN:58,(anonymous_5)
FN:63,(anonymous_6)
FNF:7
FNH:6
FNDA:28,(anonymous_0)
FNDA:10,(anonymous_1)
FNDA:10,(anonymous_2)
FNDA:2,(anonymous_3)
FNDA:1,(anonymous_4)
FNDA:0,(anonymous_5)
FNDA:1,(anonymous_6)
DA:17,1
DA:18,28
DA:21,28
DA:23,28
DA:24,10
DA:25,10
DA:26,10
DA:27,8
DA:34,1
DA:36,9
DA:40,10
DA:43,28
DA:44,2
DA:45,2
DA:46,1
DA:47,1
DA:48,1
DA:50,1
DA:54,28
DA:55,1
DA:58,28
DA:60,0
DA:63,28
DA:65,1
DA:68,28
DA:70,18
DA:73,10
DA:74,2
DA:81,8
DA:218,1
LF:30
LH:29
BRDA:68,0,0,18
BRDA:68,0,1,10
BRDA:73,1,0,2
BRDA:73,1,1,8
BRDA:87,2,0,7
BRDA:87,2,1,1
BRF:6
BRH:6
end_of_record
TN:
SF:app/(tabs)/_layout.tsx
FN:12,TabLayout
FN:25,(anonymous_1)
FN:34,(anonymous_2)
FN:43,(anonymous_3)
FN:52,(anonymous_4)
FN:61,(anonymous_5)
FNF:6
FNH:0
FNDA:0,TabLayout
FNDA:0,(anonymous_1)
FNDA:0,(anonymous_2)
FNDA:0,(anonymous_3)
FNDA:0,(anonymous_4)
FNDA:0,(anonymous_5)
DA:13,0
DA:14,0
DA:25,0
DA:34,0
DA:43,0
DA:52,0
DA:61,0
DA:69,0
LF:8
LH:0
BRF:0
BRH:0
end_of_record
TN:
SF:app/(tabs)/alert.tsx
FN:5,Alert
FNF:1
FNH:0
FNDA:0,Alert
DA:6,0
LF:1
LH:0
BRF:0
BRH:0
end_of_record
TN:
SF:app/(tabs)/community.tsx
FN:23,Community
FN:27,(anonymous_1)
FN:31,(anonymous_2)
FN:38,(anonymous_3)
FN:39,(anonymous_4)
FN:47,(anonymous_5)
FN:48,(anonymous_6)
FN:64,(anonymous_7)
FN:66,(anonymous_8)
FN:72,(anonymous_9)
FN:78,(anonymous_10)
FN:91,(anonymous_11)
FN:113,(anonymous_12)
FN:116,(anonymous_13)
FN:133,(anonymous_14)
FN:136,(anonymous_15)
FN:154,(anonymous_16)
FN:158,(anonymous_17)
FN:161,(anonymous_18)
FN:162,(anonymous_19)
FN:164,(anonymous_20)
FN:165,(anonymous_21)
FN:170,(anonymous_22)
FNF:23
FNH:17
FNDA:34,Community
FNDA:13,(anonymous_1)
FNDA:0,(anonymous_2)
FNDA:0,(anonymous_3)
FNDA:0,(anonymous_4)
FNDA:0,(anonymous_5)
FNDA:0,(anonymous_6)
FNDA:8,(anonymous_7)
FNDA:1,(anonymous_8)
FNDA:49,(anonymous_9)
FNDA:1,(anonymous_10)
FNDA:0,(anonymous_11)
FNDA:102,(anonymous_12)
FNDA:2,(anonymous_13)
FNDA:204,(anonymous_14)
FNDA:6,(anonymous_15)
FNDA:63,(anonymous_16)
FNDA:49,(anonymous_17)
FNDA:27,(anonymous_18)
FNDA:27,(anonymous_19)
FNDA:20,(anonymous_20)
FNDA:6,(anonymous_21)
FNDA:68,(anonymous_22)
DA:19,1
DA:20,1
DA:21,1
DA:24,34
DA:25,34
DA:27,34
DA:28,13
DA:31,34
DA:32,0
DA:39,0
DA:40,0
DA:41,0
DA:48,0
DA:49,0
DA:50,0
DA:64,34
DA:65,8
DA:66,1
DA:68,7
DA:72,34
DA:73,49
DA:78,1
DA:91,0
DA:100,34
DA:114,102
DA:116,2
DA:134,204
DA:136,6
DA:155,63
DA:157,21
DA:158,49
DA:161,27
DA:162,27
DA:164,21
DA:165,21
DA:167,21
DA:170,68
DA:177,1
LF:38
LH:30
BRDA:65,0,0,1
BRDA:65,0,1,7
BRDA:77,1,0,34
BRDA:77,1,1,15
BRDA:119,2,0,102
BRDA:119,2,1,2
BRDA:124,3,0,102
BRDA:124,3,1,2
BRDA:139,4,0,204
BRDA:139,4,1,7
BRDA:144,5,0,204
BRDA:144,5,1,7
BRDA:155,6,0,42
BRDA:155,6,1,21
BRDA:157,7,0,21
BRDA:157,7,1,0
BRDA:164,8,0,21
BRDA:164,8,1,18
BRDA:165,9,0,21
BRDA:165,9,1,6
BRDA:167,10,0,21
BRDA:167,10,1,9
BRF:22
BRH:21
end_of_record
TN:
SF:app/(tabs)/events.tsx
FN:77,(anonymous_0)
FN:105,(anonymous_1)
FN:106,(anonymous_2)
FN:113,(anonymous_3)
FN:121,(anonymous_4)
FN:133,(anonymous_5)
FN:143,(anonymous_6)
FN:153,(anonymous_7)
FN:160,(anonymous_8)
FN:220,(anonymous_9)
FN:229,(anonymous_10)
FN:230,(anonymous_11)
FN:242,(anonymous_12)
FN:251,(anonymous_13)
FN:256,(anonymous_14)
FN:266,(anonymous_15)
FN:282,(anonymous_16)
FN:298,(anonymous_17)
FN:315,(anonymous_18)
FN:335,(anonymous_19)
FN:338,(anonymous_20)
FN:341,(anonymous_21)
FN:351,(anonymous_22)
FN:359,(anonymous_23)
FN:377,(anonymous_24)
FN:380,(anonymous_25)
FN:383,(anonymous_26)
FN:393,(anonymous_27)
FN:401,(anonymous_28)
FN:416,(anonymous_29)
FN:419,(anonymous_30)
FN:422,(anonymous_31)
FN:432,(anonymous_32)
FN:440,(anonymous_33)
FN:451,(anonymous_34)
FN:464,(anonymous_35)
FN:481,(anonymous_36)
FN:501,(anonymous_37)
FN:508,(anonymous_38)
FN:559,(anonymous_39)
FN:572,(anonymous_40)
FN:574,(anonymous_41)
FN:577,(anonymous_42)
FN:581,(anonymous_43)
FN:594,(anonymous_44)
FN:610,(anonymous_45)
FN:662,(anonymous_46)
FN:668,(anonymous_47)
FN:675,(anonymous_48)
FN:693,(anonymous_49)
FN:702,(anonymous_50)
FNF:51
FNH:0
FNDA:0,(anonymous_0)
FNDA:0,(anonymous_1)
FNDA:0,(anonymous_2)
FNDA:0,(anonymous_3)
FNDA:0,(anonymous_4)
FNDA:0,(anonymous_5)
FNDA:0,(anonymous_6)
FNDA:0,(anonymous_7)
FNDA:0,(anonymous_8)
FNDA:0,(anonymous_9)
FNDA:0,(anonymous_10)
FNDA:0,(anonymous_11)
FNDA:0,(anonymous_12)
FNDA:0,(anonymous_13)
FNDA:0,(anonymous_14)
FNDA:0,(anonymous_15)
FNDA:0,(anonymous_16)
FNDA:0,(anonymous_17)
FNDA:0,(anonymous_18)
FNDA:0,(anonymous_19)
FNDA:0,(anonymous_20)
FNDA:0,(anonymous_21)
FNDA:0,(anonymous_22)
FNDA:0,(anonymous_23)
FNDA:0,(anonymous_24)
FNDA:0,(anonymous_25)
FNDA:0,(anonymous_26)
FNDA:0,(anonymous_27)
FNDA:0,(anonymous_28)
FNDA:0,(anonymous_29)
FNDA:0,(anonymous_30)
FNDA:0,(anonymous_31)
FNDA:0,(anonymous_32)
FNDA:0,(anonymous_33)
FNDA:0,(anonymous_34)
FNDA:0,(anonymous_35)
FNDA:0,(anonymous_36)
FNDA:0,(anonymous_37)
FNDA:0,(anonymous_38)
FNDA:0,(anonymous_39)
FNDA:0,(anonymous_40)
FNDA:0,(anonymous_41)
FNDA:0,(anonymous_42)
FNDA:0,(anonymous_43)
FNDA:0,(anonymous_44)
FNDA:0,(anonymous_45)
FNDA:0,(anonymous_46)
FNDA:0,(anonymous_47)
FNDA:0,(anonymous_48)
FNDA:0,(anonymous_49)
FNDA:0,(anonymous_50)
DA:33,0
DA:46,0
DA:57,0
DA:67,0
DA:77,0
DA:78,0
DA:79,0
DA:80,0
DA:81,0
DA:82,0
DA:83,0
DA:84,0
DA:85,0
DA:86,0
DA:94,0
DA:95,0
DA:96,0
DA:97,0
DA:98,0
DA:99,0
DA:100,0
DA:101,0
DA:103,0
DA:105,0
DA:106,0
DA:108,0
DA:109,0
DA:112,0
DA:113,0
DA:114,0
DA:117,0
DA:118,0
DA:119,0
DA:121,0
DA:122,0
DA:123,0
DA:126,0
DA:127,0
DA:129,0
DA:133,0
DA:134,0
DA:135,0
DA:136,0
DA:138,0
DA:143,0
DA:144,0
DA:145,0
DA:147,0
DA:148,0
DA:150,0
DA:153,0
DA:154,0
DA:160,0
DA:162,0
DA:163,0
DA:164,0
DA:168,0
DA:169,0
DA:170,0
DA:174,0
DA:177,0
DA:184,0
DA:185,0
DA:188,0
DA:191,0
DA:192,0
DA:193,0
DA:194,0
DA:196,0
DA:197,0
DA:201,0
DA:204,0
DA:212,0
DA:213,0
DA:214,0
DA:217,0
DA:220,0
DA:221,0
DA:222,0
DA:224,0
DA:226,0
DA:229,0
DA:230,0
DA:232,0
DA:233,0
DA:234,0
DA:236,0
DA:239,0
DA:242,0
DA:243,0
DA:244,0
DA:245,0
DA:246,0
DA:247,0
DA:251,0
DA:252,0
DA:253,0
DA:256,0
DA:257,0
DA:258,0
DA:260,0
DA:261,0
DA:262,0
DA:266,0
DA:267,0
DA:270,0
DA:273,0
DA:274,0
DA:277,0
DA:282,0
DA:283,0
DA:285,0
DA:286,0
DA:288,0
DA:289,0
DA:291,0
DA:292,0
DA:294,0
DA:298,0
DA:299,0
DA:302,0
DA:305,0
DA:315,0
DA:316,0
DA:319,0
DA:320,0
DA:323,0
DA:335,0
DA:339,0
DA:341,0
DA:351,0
DA:359,0
DA:377,0
DA:381,0
DA:383,0
DA:393,0
DA:401,0
DA:416,0
DA:420,0
DA:422,0
DA:432,0
DA:440,0
DA:451,0
DA:464,0
DA:481,0
DA:502,0
DA:508,0
DA:559,0
DA:572,0
DA:574,0
DA:577,0
DA:581,0
DA:595,0
DA:596,0
DA:610,0
DA:662,0
DA:669,0
DA:675,0
DA:693,0
DA:703,0
DA:704,0
DA:727,0
LF:162
LH:0
BRDA:108,0,0,0
BRDA:108,0,1,0
BRDA:108,1,0,0
BRDA:108,1,1,0
BRDA:123,2,0,0
BRDA:123,2,1,0
BRDA:133,3,0,0
BRDA:135,4,0,0
BRDA:135,4,1,0
BRDA:145,5,0,0
BRDA:145,5,1,0
BRDA:148,6,0,0
BRDA:148,6,1,0
BRDA:162,7,0,0
BRDA:162,7,1,0
BRDA:162,8,0,0
BRDA:162,8,1,0
BRDA:162,8,2,0
BRDA:162,8,3,0
BRDA:162,8,4,0
BRDA:168,9,0,0
BRDA:168,9,1,0
BRDA:196,10,0,0
BRDA:196,10,1,0
BRDA:196,11,0,0
BRDA:196,11,1,0
BRDA:220,12,0,0
BRDA:221,13,0,0
BRDA:221,13,1,0
BRDA:232,14,0,0
BRDA:232,14,1,0
BRDA:243,15,0,0
BRDA:243,15,1,0
BRDA:257,16,0,0
BRDA:257,16,1,0
BRDA:258,17,0,0
BRDA:258,17,1,0
BRDA:260,18,0,0
BRDA:260,18,1,0
BRDA:283,19,0,0
BRDA:283,19,1,0
BRDA:283,19,2,0
BRDA:283,19,3,0
BRDA:319,20,0,0
BRDA:319,20,1,0
BRDA:329,21,0,0
BRDA:329,21,1,0
BRDA:334,22,0,0
BRDA:334,22,1,0
BRDA:348,23,0,0
BRDA:348,23,1,0
BRDA:348,23,2,0
BRDA:356,24,0,0
BRDA:356,24,1,0
BRDA:371,25,0,0
BRDA:371,25,1,0
BRDA:376,26,0,0
BRDA:376,26,1,0
BRDA:390,27,0,0
BRDA:390,27,1,0
BRDA:390,27,2,0
BRDA:398,28,0,0
BRDA:398,28,1,0
BRDA:415,29,0,0
BRDA:415,29,1,0
BRDA:429,30,0,0
BRDA:429,30,1,0
BRDA:429,30,2,0
BRDA:437,31,0,0
BRDA:437,31,1,0
BRDA:459,32,0,0
BRDA:459,32,1,0
BRDA:459,32,2,0
BRDA:506,33,0,0
BRDA:506,33,1,0
BRDA:512,34,0,0
BRDA:512,34,1,0
BRDA:520,35,0,0
BRDA:520,35,1,0
BRDA:554,36,0,0
BRDA:554,36,1,0
BRDA:554,36,2,0
BRDA:572,37,0,0
BRDA:572,37,1,0
BRDA:577,38,0,0
BRDA:577,38,1,0
BRDA:617,39,0,0
BRDA:617,39,1,0
BRDA:673,40,0,0
BRDA:673,40,1,0
BRDA:679,41,0,0
BRDA:679,41,1,0
BRF:92
BRH:0
end_of_record
TN:
SF:app/(tabs)/relationships.tsx
FN:151,(anonymous_0)
FN:158,(anonymous_1)
FN:162,(anonymous_2)
FN:180,(anonymous_3)
FN:192,(anonymous_4)
FN:193,(anonymous_5)
FN:197,(anonymous_6)
FN:214,(anonymous_7)
FN:241,(anonymous_8)
FN:256,(anonymous_9)
FN:267,(anonymous_10)
FN:274,(anonymous_11)
FN:288,(anonymous_12)
FN:294,(anonymous_13)
FN:299,(anonymous_14)
FN:305,(anonymous_15)
FN:315,(anonymous_16)
FN:320,(anonymous_17)
FN:327,(anonymous_18)
FN:330,(anonymous_19)
FN:339,(anonymous_20)
FN:345,(anonymous_21)
FN:381,(anonymous_22)
FN:385,(anonymous_23)
FN:420,(anonymous_24)
FN:424,(anonymous_25)
FN:442,(anonymous_26)
FN:449,(anonymous_27)
FN:460,(anonymous_28)
FN:481,(anonymous_29)
FN:504,(anonymous_30)
FN:517,(anonymous_31)
FN:550,(anonymous_32)
FN:573,(anonymous_33)
FN:586,(anonymous_34)
FN:611,(anonymous_35)
FN:627,(anonymous_36)
FN:634,(anonymous_37)
FN:646,(anonymous_38)
FN:693,(anonymous_39)
FN:696,(anonymous_40)
FN:703,(anonymous_41)
FN:706,(anonymous_42)
FN:714,(anonymous_43)
FN:729,(anonymous_44)
FN:777,(anonymous_45)
FN:788,(anonymous_46)
FN:796,(anonymous_47)
FN:804,(anonymous_48)
FN:813,(anonymous_49)
FNF:50
FNH:0
FNDA:0,(anonymous_0)
FNDA:0,(anonymous_1)
FNDA:0,(anonymous_2)
FNDA:0,(anonymous_3)
FNDA:0,(anonymous_4)
FNDA:0,(anonymous_5)
FNDA:0,(anonymous_6)
FNDA:0,(anonymous_7)
FNDA:0,(anonymous_8)
FNDA:0,(anonymous_9)
FNDA:0,(anonymous_10)
FNDA:0,(anonymous_11)
FNDA:0,(anonymous_12)
FNDA:0,(anonymous_13)
FNDA:0,(anonymous_14)
FNDA:0,(anonymous_15)
FNDA:0,(anonymous_16)
FNDA:0,(anonymous_17)
FNDA:0,(anonymous_18)
FNDA:0,(anonymous_19)
FNDA:0,(anonymous_20)
FNDA:0,(anonymous_21)
FNDA:0,(anonymous_22)
FNDA:0,(anonymous_23)
FNDA:0,(anonymous_24)
FNDA:0,(anonymous_25)
FNDA:0,(anonymous_26)
FNDA:0,(anonymous_27)
FNDA:0,(anonymous_28)
FNDA:0,(anonymous_29)
FNDA:0,(anonymous_30)
FNDA:0,(anonymous_31)
FNDA:0,(anonymous_32)
FNDA:0,(anonymous_33)
FNDA:0,(anonymous_34)
FNDA:0,(anonymous_35)
FNDA:0,(anonymous_36)
FNDA:0,(anonymous_37)
FNDA:0,(anonymous_38)
FNDA:0,(anonymous_39)
FNDA:0,(anonymous_40)
FNDA:0,(anonymous_41)
FNDA:0,(anonymous_42)
FNDA:0,(anonymous_43)
FNDA:0,(anonymous_44)
FNDA:0,(anonymous_45)
FNDA:0,(anonymous_46)
FNDA:0,(anonymous_47)
FNDA:0,(anonymous_48)
FNDA:0,(anonymous_49)
DA:45,0
DA:99,0
DA:151,0
DA:152,0
DA:153,0
DA:154,0
DA:158,0
DA:159,0
DA:162,0
DA:163,0
DA:164,0
DA:165,0
DA:166,0
DA:167,0
DA:168,0
DA:169,0
DA:170,0
DA:171,0
DA:172,0
DA:173,0
DA:174,0
DA:175,0
DA:176,0
DA:177,0
DA:178,0
DA:180,0
DA:182,0
DA:183,0
DA:187,0
DA:189,0
DA:192,0
DA:193,0
DA:194,0
DA:197,0
DA:205,0
DA:206,0
DA:207,0
DA:208,0
DA:214,0
DA:216,0
DA:217,0
DA:218,0
DA:222,0
DA:235,0
DA:238,0
DA:239,0
DA:241,0
DA:248,0
DA:249,0
DA:250,0
DA:251,0
DA:252,0
DA:253,0
DA:256,0
DA:257,0
DA:260,0
DA:261,0
DA:263,0
DA:267,0
DA:268,0
DA:269,0
DA:270,0
DA:274,0
DA:276,0
DA:277,0
DA:278,0
DA:285,0
DA:288,0
DA:290,0
DA:291,0
DA:294,0
DA:299,0
DA:300,0
DA:303,0
DA:305,0
DA:306,0
DA:307,0
DA:311,0
DA:312,0
DA:315,0
DA:320,0
DA:321,0
DA:323,0
DA:324,0
DA:327,0
DA:328,0
DA:331,0
DA:332,0
DA:339,0
DA:340,0
DA:345,0
DA:358,0
DA:382,0
DA:385,0
DA:421,0
DA:424,0
DA:442,0
DA:449,0
DA:460,0
DA:481,0
DA:504,0
DA:517,0
DA:550,0
DA:573,0
DA:586,0
DA:611,0
DA:627,0
DA:634,0
DA:646,0
DA:693,0
DA:696,0
DA:703,0
DA:706,0
DA:714,0
DA:729,0
DA:778,0
DA:779,0
DA:788,0
DA:796,0
DA:804,0
DA:813,0
DA:826,0
LF:122
LH:0
BRDA:154,0,0,0
BRDA:154,0,1,0
BRDA:182,1,0,0
BRDA:182,1,1,0
BRDA:187,2,0,0
BRDA:187,2,1,0
BRDA:216,3,0,0
BRDA:216,3,1,0
BRDA:226,4,0,0
BRDA:226,4,1,0
BRDA:227,5,0,0
BRDA:227,5,1,0
BRDA:238,6,0,0
BRDA:238,6,1,0
BRDA:260,7,0,0
BRDA:260,7,1,0
BRDA:268,8,0,0
BRDA:268,8,1,0
BRDA:276,9,0,0
BRDA:276,9,1,0
BRDA:303,10,0,0
BRDA:303,10,1,0
BRDA:306,11,0,0
BRDA:306,11,1,0
BRDA:343,12,0,0
BRDA:343,12,1,0
BRDA:348,13,0,0
BRDA:348,13,1,0
BRDA:350,14,0,0
BRDA:350,14,1,0
BRDA:352,15,0,0
BRDA:352,15,1,0
BRDA:353,16,0,0
BRDA:353,16,1,0
BRDA:375,17,0,0
BRDA:375,17,1,0
BRDA:389,18,0,0
BRDA:389,18,1,0
BRDA:392,19,0,0
BRDA:392,19,1,0
BRDA:392,19,2,0
BRDA:397,20,0,0
BRDA:397,20,1,0
BRDA:397,20,2,0
BRDA:414,21,0,0
BRDA:414,21,1,0
BRDA:428,22,0,0
BRDA:428,22,1,0
BRDA:487,23,0,0
BRDA:487,23,1,0
BRDA:556,24,0,0
BRDA:556,24,1,0
BRDA:617,25,0,0
BRDA:617,25,1,0
BRDA:650,26,0,0
BRDA:650,26,1,0
BRDA:665,27,0,0
BRDA:665,27,1,0
BRDA:679,28,0,0
BRDA:679,28,1,0
BRDA:692,29,0,0
BRDA:692,29,1,0
BRDA:692,29,2,0
BRDA:703,30,0,0
BRDA:703,30,1,0
BRDA:703,30,2,0
BRDA:733,31,0,0
BRDA:733,31,1,0
BRDA:751,32,0,0
BRDA:751,32,1,0
BRDA:760,33,0,0
BRDA:760,33,1,0
BRF:72
BRH:0
end_of_record
